mode: set
github.com/22Fariz22/passbook/server/config/config.go:89.56,95.41 5 0
github.com/22Fariz22/passbook/server/config/config.go:95.41,96.55 1 0
github.com/22Fariz22/passbook/server/config/config.go:96.55,98.4 1 0
github.com/22Fariz22/passbook/server/config/config.go:99.3,99.18 1 0
github.com/22Fariz22/passbook/server/config/config.go:102.2,102.15 1 0
github.com/22Fariz22/passbook/server/config/config.go:106.51,110.16 3 0
github.com/22Fariz22/passbook/server/config/config.go:110.16,113.3 2 0
github.com/22Fariz22/passbook/server/config/config.go:115.2,115.16 1 0
github.com/22Fariz22/passbook/server/config/config.go:119.52,121.16 2 0
github.com/22Fariz22/passbook/server/config/config.go:121.16,123.3 1 0
github.com/22Fariz22/passbook/server/config/config.go:125.2,126.16 2 0
github.com/22Fariz22/passbook/server/config/config.go:126.16,128.3 1 0
github.com/22Fariz22/passbook/server/config/config.go:129.2,129.17 1 0
github.com/22Fariz22/passbook/server/internal/entity/user.go:16.35,18.2 1 0
github.com/22Fariz22/passbook/server/internal/entity/user.go:21.37,23.16 2 0
github.com/22Fariz22/passbook/server/internal/entity/user.go:23.16,25.3 1 0
github.com/22Fariz22/passbook/server/internal/entity/user.go:26.2,27.12 2 0
github.com/22Fariz22/passbook/server/internal/entity/user.go:31.56,33.2 1 0
github.com/22Fariz22/passbook/server/internal/entity/user.go:36.38,37.41 1 0
github.com/22Fariz22/passbook/server/internal/entity/user.go:37.41,39.3 1 0
github.com/22Fariz22/passbook/server/internal/entity/user.go:40.2,40.12 1 0
github.com/22Fariz22/passbook/server/internal/session/repository/redis_repository.go:29.97,31.2 1 1
github.com/22Fariz22/passbook/server/internal/session/repository/redis_repository.go:34.108,40.16 5 1
github.com/22Fariz22/passbook/server/internal/session/repository/redis_repository.go:40.16,42.3 1 0
github.com/22Fariz22/passbook/server/internal/session/repository/redis_repository.go:43.2,43.110 1 1
github.com/22Fariz22/passbook/server/internal/session/repository/redis_repository.go:43.110,46.3 2 0
github.com/22Fariz22/passbook/server/internal/session/repository/redis_repository.go:47.2,47.28 1 1
github.com/22Fariz22/passbook/server/internal/session/repository/redis_repository.go:51.102,53.16 2 1
github.com/22Fariz22/passbook/server/internal/session/repository/redis_repository.go:53.16,55.3 1 0
github.com/22Fariz22/passbook/server/internal/session/repository/redis_repository.go:57.2,58.56 2 1
github.com/22Fariz22/passbook/server/internal/session/repository/redis_repository.go:58.56,60.3 1 0
github.com/22Fariz22/passbook/server/internal/session/repository/redis_repository.go:61.2,61.18 1 1
github.com/22Fariz22/passbook/server/internal/session/repository/redis_repository.go:65.79,66.77 1 1
github.com/22Fariz22/passbook/server/internal/session/repository/redis_repository.go:66.77,68.3 1 0
github.com/22Fariz22/passbook/server/internal/session/repository/redis_repository.go:69.2,69.12 1 1
github.com/22Fariz22/passbook/server/internal/session/repository/redis_repository.go:72.58,74.2 1 1
github.com/22Fariz22/passbook/cli/cmd/passbook/add_account.go:15.47,19.17 3 0
github.com/22Fariz22/passbook/cli/cmd/passbook/add_account.go:19.17,21.4 1 0
github.com/22Fariz22/passbook/cli/cmd/passbook/add_binary.go:21.57,23.16 2 0
github.com/22Fariz22/passbook/cli/cmd/passbook/add_binary.go:23.16,26.3 2 0
github.com/22Fariz22/passbook/cli/cmd/passbook/add_binary.go:28.2,33.4 2 0
github.com/22Fariz22/passbook/cli/cmd/passbook/add_card.go:15.47,19.17 3 0
github.com/22Fariz22/passbook/cli/cmd/passbook/add_card.go:19.17,21.4 1 0
github.com/22Fariz22/passbook/cli/cmd/passbook/add_text.go:18.55,22.16 3 0
github.com/22Fariz22/passbook/cli/cmd/passbook/add_text.go:22.16,24.3 1 0
github.com/22Fariz22/passbook/cli/cmd/passbook/get-by-title.go:17.47,21.17 3 0
github.com/22Fariz22/passbook/cli/cmd/passbook/get-by-title.go:21.17,24.4 2 0
github.com/22Fariz22/passbook/cli/cmd/passbook/get-by-title.go:27.3,27.30 1 0
github.com/22Fariz22/passbook/cli/cmd/passbook/get-by-title.go:27.30,29.4 1 0
github.com/22Fariz22/passbook/cli/cmd/passbook/get_full_list.go:15.47,20.17 3 0
github.com/22Fariz22/passbook/cli/cmd/passbook/get_full_list.go:20.17,23.4 2 0
github.com/22Fariz22/passbook/cli/cmd/passbook/get_full_list.go:26.3,26.30 1 0
github.com/22Fariz22/passbook/cli/cmd/passbook/get_full_list.go:26.30,28.4 1 0
github.com/22Fariz22/passbook/cli/cmd/passbook/get_me.go:15.47,19.17 3 0
github.com/22Fariz22/passbook/cli/cmd/passbook/get_me.go:19.17,22.4 2 0
github.com/22Fariz22/passbook/cli/cmd/passbook/get_me.go:23.3,24.41 2 0
github.com/22Fariz22/passbook/cli/cmd/passbook/login.go:16.47,23.3 2 0
github.com/22Fariz22/passbook/cli/cmd/passbook/logout.go:15.47,19.17 3 0
github.com/22Fariz22/passbook/cli/cmd/passbook/logout.go:19.17,22.4 2 0
github.com/22Fariz22/passbook/cli/cmd/passbook/register.go:15.47,23.3 2 0
github.com/22Fariz22/passbook/cli/cmd/passbook/root.go:18.59,21.2 2 1
github.com/22Fariz22/passbook/cli/cmd/passbook/root.go:24.40,87.2 41 1
github.com/22Fariz22/passbook/cli/pkg/connGrpc.go:11.44,13.16 2 0
github.com/22Fariz22/passbook/cli/pkg/connGrpc.go:13.16,16.3 2 0
github.com/22Fariz22/passbook/cli/pkg/connGrpc.go:20.2,22.10 2 0
github.com/22Fariz22/passbook/cli/pkg/passbook.go:15.72,17.16 2 0
github.com/22Fariz22/passbook/cli/pkg/passbook.go:17.16,20.3 2 0
github.com/22Fariz22/passbook/cli/pkg/passbook.go:21.2,22.12 2 0
github.com/22Fariz22/passbook/cli/pkg/passbook.go:26.66,28.16 2 0
github.com/22Fariz22/passbook/cli/pkg/passbook.go:28.16,31.3 2 0
github.com/22Fariz22/passbook/cli/pkg/passbook.go:34.2,35.16 2 0
github.com/22Fariz22/passbook/cli/pkg/passbook.go:35.16,38.3 2 0
github.com/22Fariz22/passbook/cli/pkg/passbook.go:39.2,40.16 2 0
github.com/22Fariz22/passbook/cli/pkg/passbook.go:40.16,44.3 3 0
github.com/22Fariz22/passbook/cli/pkg/passbook.go:46.2,47.12 2 0
github.com/22Fariz22/passbook/cli/pkg/passbook.go:51.68,53.16 2 0
github.com/22Fariz22/passbook/cli/pkg/passbook.go:53.16,56.3 2 0
github.com/22Fariz22/passbook/cli/pkg/passbook.go:58.2,59.16 2 0
github.com/22Fariz22/passbook/cli/pkg/passbook.go:59.16,62.3 2 0
github.com/22Fariz22/passbook/cli/pkg/passbook.go:63.2,64.12 2 0
github.com/22Fariz22/passbook/cli/pkg/passbook.go:68.87,70.16 2 0
github.com/22Fariz22/passbook/cli/pkg/passbook.go:70.16,72.3 1 0
github.com/22Fariz22/passbook/cli/pkg/passbook.go:74.2,75.16 2 0
github.com/22Fariz22/passbook/cli/pkg/passbook.go:75.16,77.3 1 0
github.com/22Fariz22/passbook/cli/pkg/passbook.go:79.2,79.18 1 0
github.com/22Fariz22/passbook/cli/pkg/passbook.go:83.76,85.16 2 0
github.com/22Fariz22/passbook/cli/pkg/passbook.go:85.16,87.3 1 0
github.com/22Fariz22/passbook/cli/pkg/passbook.go:89.2,90.16 2 0
github.com/22Fariz22/passbook/cli/pkg/passbook.go:90.16,93.3 2 0
github.com/22Fariz22/passbook/cli/pkg/passbook.go:94.2,95.12 2 0
github.com/22Fariz22/passbook/cli/pkg/passbook.go:99.70,101.16 2 0
github.com/22Fariz22/passbook/cli/pkg/passbook.go:101.16,103.3 1 0
github.com/22Fariz22/passbook/cli/pkg/passbook.go:105.2,106.16 2 0
github.com/22Fariz22/passbook/cli/pkg/passbook.go:106.16,109.3 2 0
github.com/22Fariz22/passbook/cli/pkg/passbook.go:110.2,111.12 2 0
github.com/22Fariz22/passbook/cli/pkg/passbook.go:115.74,117.16 2 0
github.com/22Fariz22/passbook/cli/pkg/passbook.go:117.16,119.3 1 0
github.com/22Fariz22/passbook/cli/pkg/passbook.go:121.2,122.16 2 0
github.com/22Fariz22/passbook/cli/pkg/passbook.go:122.16,125.3 2 0
github.com/22Fariz22/passbook/cli/pkg/passbook.go:126.2,127.12 2 0
github.com/22Fariz22/passbook/cli/pkg/passbook.go:131.70,133.16 2 0
github.com/22Fariz22/passbook/cli/pkg/passbook.go:133.16,135.3 1 0
github.com/22Fariz22/passbook/cli/pkg/passbook.go:137.2,138.16 2 0
github.com/22Fariz22/passbook/cli/pkg/passbook.go:138.16,141.3 2 0
github.com/22Fariz22/passbook/cli/pkg/passbook.go:143.2,144.12 2 0
github.com/22Fariz22/passbook/cli/pkg/passbook.go:148.102,150.16 2 0
github.com/22Fariz22/passbook/cli/pkg/passbook.go:150.16,152.3 1 0
github.com/22Fariz22/passbook/cli/pkg/passbook.go:154.2,155.16 2 0
github.com/22Fariz22/passbook/cli/pkg/passbook.go:155.16,157.3 1 0
github.com/22Fariz22/passbook/cli/pkg/passbook.go:159.2,159.17 1 0
github.com/22Fariz22/passbook/cli/pkg/passbook.go:163.105,165.16 2 0
github.com/22Fariz22/passbook/cli/pkg/passbook.go:165.16,167.3 1 0
github.com/22Fariz22/passbook/cli/pkg/passbook.go:169.2,170.16 2 0
github.com/22Fariz22/passbook/cli/pkg/passbook.go:170.16,172.3 1 0
github.com/22Fariz22/passbook/cli/pkg/passbook.go:174.2,174.17 1 0
github.com/22Fariz22/passbook/cli/pkg/passbook.go:178.54,180.16 2 0
github.com/22Fariz22/passbook/cli/pkg/passbook.go:180.16,183.3 2 0
github.com/22Fariz22/passbook/cli/pkg/passbook.go:186.2,189.17 3 0
github.com/22Fariz22/passbook/server/proto/user.pb.go:33.27,35.29 2 0
github.com/22Fariz22/passbook/server/proto/user.pb.go:35.29,39.3 3 0
github.com/22Fariz22/passbook/server/proto/user.pb.go:42.35,44.2 1 0
github.com/22Fariz22/passbook/server/proto/user.pb.go:46.33,46.34 0 0
github.com/22Fariz22/passbook/server/proto/user.pb.go:48.55,50.41 2 0
github.com/22Fariz22/passbook/server/proto/user.pb.go:50.41,52.34 2 0
github.com/22Fariz22/passbook/server/proto/user.pb.go:52.34,54.4 1 0
github.com/22Fariz22/passbook/server/proto/user.pb.go:55.3,55.12 1 0
github.com/22Fariz22/passbook/server/proto/user.pb.go:57.2,57.24 1 0
github.com/22Fariz22/passbook/server/proto/user.pb.go:61.46,63.2 1 0
github.com/22Fariz22/passbook/server/proto/user.pb.go:65.39,66.14 1 0
github.com/22Fariz22/passbook/server/proto/user.pb.go:66.14,68.3 1 0
github.com/22Fariz22/passbook/server/proto/user.pb.go:69.2,69.11 1 0
github.com/22Fariz22/passbook/server/proto/user.pb.go:82.24,84.29 2 0
github.com/22Fariz22/passbook/server/proto/user.pb.go:84.29,88.3 3 0
github.com/22Fariz22/passbook/server/proto/user.pb.go:91.32,93.2 1 0
github.com/22Fariz22/passbook/server/proto/user.pb.go:95.30,95.31 0 0
github.com/22Fariz22/passbook/server/proto/user.pb.go:97.52,99.41 2 0
github.com/22Fariz22/passbook/server/proto/user.pb.go:99.41,101.34 2 0
github.com/22Fariz22/passbook/server/proto/user.pb.go:101.34,103.4 1 0
github.com/22Fariz22/passbook/server/proto/user.pb.go:104.3,104.12 1 0
github.com/22Fariz22/passbook/server/proto/user.pb.go:106.2,106.24 1 0
github.com/22Fariz22/passbook/server/proto/user.pb.go:110.43,112.2 1 0
github.com/22Fariz22/passbook/server/proto/user.pb.go:114.33,115.14 1 0
github.com/22Fariz22/passbook/server/proto/user.pb.go:115.14,117.3 1 0
github.com/22Fariz22/passbook/server/proto/user.pb.go:118.2,118.11 1 0
github.com/22Fariz22/passbook/server/proto/user.pb.go:121.34,122.14 1 0
github.com/22Fariz22/passbook/server/proto/user.pb.go:122.14,124.3 1 0
github.com/22Fariz22/passbook/server/proto/user.pb.go:125.2,125.11 1 0
github.com/22Fariz22/passbook/server/proto/user.pb.go:128.37,129.14 1 0
github.com/22Fariz22/passbook/server/proto/user.pb.go:129.14,131.3 1 0
github.com/22Fariz22/passbook/server/proto/user.pb.go:132.2,132.11 1 0
github.com/22Fariz22/passbook/server/proto/user.pb.go:144.35,146.29 2 0
github.com/22Fariz22/passbook/server/proto/user.pb.go:146.29,150.3 3 0
github.com/22Fariz22/passbook/server/proto/user.pb.go:153.43,155.2 1 0
github.com/22Fariz22/passbook/server/proto/user.pb.go:157.41,157.42 0 0
github.com/22Fariz22/passbook/server/proto/user.pb.go:159.63,161.41 2 0
github.com/22Fariz22/passbook/server/proto/user.pb.go:161.41,163.34 2 0
github.com/22Fariz22/passbook/server/proto/user.pb.go:163.34,165.4 1 0
github.com/22Fariz22/passbook/server/proto/user.pb.go:166.3,166.12 1 0
github.com/22Fariz22/passbook/server/proto/user.pb.go:168.2,168.24 1 0
github.com/22Fariz22/passbook/server/proto/user.pb.go:172.54,174.2 1 0
github.com/22Fariz22/passbook/server/proto/user.pb.go:176.45,177.14 1 0
github.com/22Fariz22/passbook/server/proto/user.pb.go:177.14,179.3 1 0
github.com/22Fariz22/passbook/server/proto/user.pb.go:180.2,180.11 1 0
github.com/22Fariz22/passbook/server/proto/user.pb.go:183.48,184.14 1 0
github.com/22Fariz22/passbook/server/proto/user.pb.go:184.14,186.3 1 0
github.com/22Fariz22/passbook/server/proto/user.pb.go:187.2,187.11 1 0
github.com/22Fariz22/passbook/server/proto/user.pb.go:198.36,200.29 2 0
github.com/22Fariz22/passbook/server/proto/user.pb.go:200.29,204.3 3 0
github.com/22Fariz22/passbook/server/proto/user.pb.go:207.44,209.2 1 0
github.com/22Fariz22/passbook/server/proto/user.pb.go:211.42,211.43 0 0
github.com/22Fariz22/passbook/server/proto/user.pb.go:213.64,215.41 2 0
github.com/22Fariz22/passbook/server/proto/user.pb.go:215.41,217.34 2 0
github.com/22Fariz22/passbook/server/proto/user.pb.go:217.34,219.4 1 0
github.com/22Fariz22/passbook/server/proto/user.pb.go:220.3,220.12 1 0
github.com/22Fariz22/passbook/server/proto/user.pb.go:222.2,222.24 1 0
github.com/22Fariz22/passbook/server/proto/user.pb.go:226.55,228.2 1 0
github.com/22Fariz22/passbook/server/proto/user.pb.go:230.44,231.14 1 0
github.com/22Fariz22/passbook/server/proto/user.pb.go:231.14,233.3 1 0
github.com/22Fariz22/passbook/server/proto/user.pb.go:234.2,234.12 1 0
github.com/22Fariz22/passbook/server/proto/user.pb.go:245.38,247.29 2 0
github.com/22Fariz22/passbook/server/proto/user.pb.go:247.29,251.3 3 0
github.com/22Fariz22/passbook/server/proto/user.pb.go:254.46,256.2 1 0
github.com/22Fariz22/passbook/server/proto/user.pb.go:258.44,258.45 0 0
github.com/22Fariz22/passbook/server/proto/user.pb.go:260.66,262.41 2 0
github.com/22Fariz22/passbook/server/proto/user.pb.go:262.41,264.34 2 0
github.com/22Fariz22/passbook/server/proto/user.pb.go:264.34,266.4 1 0
github.com/22Fariz22/passbook/server/proto/user.pb.go:267.3,267.12 1 0
github.com/22Fariz22/passbook/server/proto/user.pb.go:269.2,269.24 1 0
github.com/22Fariz22/passbook/server/proto/user.pb.go:273.57,275.2 1 0
github.com/22Fariz22/passbook/server/proto/user.pb.go:277.48,278.14 1 0
github.com/22Fariz22/passbook/server/proto/user.pb.go:278.14,280.3 1 0
github.com/22Fariz22/passbook/server/proto/user.pb.go:281.2,281.11 1 0
github.com/22Fariz22/passbook/server/proto/user.pb.go:292.39,294.29 2 0
github.com/22Fariz22/passbook/server/proto/user.pb.go:294.29,298.3 3 0
github.com/22Fariz22/passbook/server/proto/user.pb.go:301.47,303.2 1 0
github.com/22Fariz22/passbook/server/proto/user.pb.go:305.45,305.46 0 0
github.com/22Fariz22/passbook/server/proto/user.pb.go:307.67,309.41 2 0
github.com/22Fariz22/passbook/server/proto/user.pb.go:309.41,311.34 2 0
github.com/22Fariz22/passbook/server/proto/user.pb.go:311.34,313.4 1 0
github.com/22Fariz22/passbook/server/proto/user.pb.go:314.3,314.12 1 0
github.com/22Fariz22/passbook/server/proto/user.pb.go:316.2,316.24 1 0
github.com/22Fariz22/passbook/server/proto/user.pb.go:320.58,322.2 1 0
github.com/22Fariz22/passbook/server/proto/user.pb.go:324.47,325.14 1 0
github.com/22Fariz22/passbook/server/proto/user.pb.go:325.14,327.3 1 0
github.com/22Fariz22/passbook/server/proto/user.pb.go:328.2,328.12 1 0
github.com/22Fariz22/passbook/server/proto/user.pb.go:339.35,341.29 2 0
github.com/22Fariz22/passbook/server/proto/user.pb.go:341.29,345.3 3 0
github.com/22Fariz22/passbook/server/proto/user.pb.go:348.43,350.2 1 0
github.com/22Fariz22/passbook/server/proto/user.pb.go:352.41,352.42 0 0
github.com/22Fariz22/passbook/server/proto/user.pb.go:354.63,356.41 2 0
github.com/22Fariz22/passbook/server/proto/user.pb.go:356.41,358.34 2 0
github.com/22Fariz22/passbook/server/proto/user.pb.go:358.34,360.4 1 0
github.com/22Fariz22/passbook/server/proto/user.pb.go:361.3,361.12 1 0
github.com/22Fariz22/passbook/server/proto/user.pb.go:363.2,363.24 1 0
github.com/22Fariz22/passbook/server/proto/user.pb.go:367.54,369.2 1 0
github.com/22Fariz22/passbook/server/proto/user.pb.go:371.44,372.14 1 0
github.com/22Fariz22/passbook/server/proto/user.pb.go:372.14,374.3 1 0
github.com/22Fariz22/passbook/server/proto/user.pb.go:375.2,375.11 1 0
github.com/22Fariz22/passbook/server/proto/user.pb.go:386.36,388.29 2 0
github.com/22Fariz22/passbook/server/proto/user.pb.go:388.29,392.3 3 0
github.com/22Fariz22/passbook/server/proto/user.pb.go:395.44,397.2 1 0
github.com/22Fariz22/passbook/server/proto/user.pb.go:399.42,399.43 0 0
github.com/22Fariz22/passbook/server/proto/user.pb.go:401.64,403.41 2 0
github.com/22Fariz22/passbook/server/proto/user.pb.go:403.41,405.34 2 0
github.com/22Fariz22/passbook/server/proto/user.pb.go:405.34,407.4 1 0
github.com/22Fariz22/passbook/server/proto/user.pb.go:408.3,408.12 1 0
github.com/22Fariz22/passbook/server/proto/user.pb.go:410.2,410.24 1 0
github.com/22Fariz22/passbook/server/proto/user.pb.go:414.55,416.2 1 0
github.com/22Fariz22/passbook/server/proto/user.pb.go:418.44,419.14 1 0
github.com/22Fariz22/passbook/server/proto/user.pb.go:419.14,421.3 1 0
github.com/22Fariz22/passbook/server/proto/user.pb.go:422.2,422.12 1 0
github.com/22Fariz22/passbook/server/proto/user.pb.go:434.32,436.29 2 0
github.com/22Fariz22/passbook/server/proto/user.pb.go:436.29,440.3 3 0
github.com/22Fariz22/passbook/server/proto/user.pb.go:443.40,445.2 1 0
github.com/22Fariz22/passbook/server/proto/user.pb.go:447.38,447.39 0 0
github.com/22Fariz22/passbook/server/proto/user.pb.go:449.60,451.41 2 0
github.com/22Fariz22/passbook/server/proto/user.pb.go:451.41,453.34 2 0
github.com/22Fariz22/passbook/server/proto/user.pb.go:453.34,455.4 1 0
github.com/22Fariz22/passbook/server/proto/user.pb.go:456.3,456.12 1 0
github.com/22Fariz22/passbook/server/proto/user.pb.go:458.2,458.24 1 0
github.com/22Fariz22/passbook/server/proto/user.pb.go:462.51,464.2 1 0
github.com/22Fariz22/passbook/server/proto/user.pb.go:466.42,467.14 1 0
github.com/22Fariz22/passbook/server/proto/user.pb.go:467.14,469.3 1 0
github.com/22Fariz22/passbook/server/proto/user.pb.go:470.2,470.11 1 0
github.com/22Fariz22/passbook/server/proto/user.pb.go:473.45,474.14 1 0
github.com/22Fariz22/passbook/server/proto/user.pb.go:474.14,476.3 1 0
github.com/22Fariz22/passbook/server/proto/user.pb.go:477.2,477.11 1 0
github.com/22Fariz22/passbook/server/proto/user.pb.go:489.33,491.29 2 0
github.com/22Fariz22/passbook/server/proto/user.pb.go:491.29,495.3 3 0
github.com/22Fariz22/passbook/server/proto/user.pb.go:498.41,500.2 1 0
github.com/22Fariz22/passbook/server/proto/user.pb.go:502.39,502.40 0 0
github.com/22Fariz22/passbook/server/proto/user.pb.go:504.61,506.41 2 0
github.com/22Fariz22/passbook/server/proto/user.pb.go:506.41,508.34 2 0
github.com/22Fariz22/passbook/server/proto/user.pb.go:508.34,510.4 1 0
github.com/22Fariz22/passbook/server/proto/user.pb.go:511.3,511.12 1 0
github.com/22Fariz22/passbook/server/proto/user.pb.go:513.2,513.24 1 0
github.com/22Fariz22/passbook/server/proto/user.pb.go:517.52,519.2 1 0
github.com/22Fariz22/passbook/server/proto/user.pb.go:521.41,522.14 1 0
github.com/22Fariz22/passbook/server/proto/user.pb.go:522.14,524.3 1 0
github.com/22Fariz22/passbook/server/proto/user.pb.go:525.2,525.12 1 0
github.com/22Fariz22/passbook/server/proto/user.pb.go:528.47,529.14 1 0
github.com/22Fariz22/passbook/server/proto/user.pb.go:529.14,531.3 1 0
github.com/22Fariz22/passbook/server/proto/user.pb.go:532.2,532.11 1 0
github.com/22Fariz22/passbook/server/proto/user.pb.go:541.32,543.29 2 0
github.com/22Fariz22/passbook/server/proto/user.pb.go:543.29,547.3 3 0
github.com/22Fariz22/passbook/server/proto/user.pb.go:550.40,552.2 1 0
github.com/22Fariz22/passbook/server/proto/user.pb.go:554.38,554.39 0 0
github.com/22Fariz22/passbook/server/proto/user.pb.go:556.60,558.41 2 0
github.com/22Fariz22/passbook/server/proto/user.pb.go:558.41,560.34 2 0
github.com/22Fariz22/passbook/server/proto/user.pb.go:560.34,562.4 1 0
github.com/22Fariz22/passbook/server/proto/user.pb.go:563.3,563.12 1 0
github.com/22Fariz22/passbook/server/proto/user.pb.go:565.2,565.24 1 0
github.com/22Fariz22/passbook/server/proto/user.pb.go:569.51,571.2 1 0
github.com/22Fariz22/passbook/server/proto/user.pb.go:581.33,583.29 2 0
github.com/22Fariz22/passbook/server/proto/user.pb.go:583.29,587.3 3 0
github.com/22Fariz22/passbook/server/proto/user.pb.go:590.41,592.2 1 0
github.com/22Fariz22/passbook/server/proto/user.pb.go:594.39,594.40 0 0
github.com/22Fariz22/passbook/server/proto/user.pb.go:596.61,598.41 2 0
github.com/22Fariz22/passbook/server/proto/user.pb.go:598.41,600.34 2 0
github.com/22Fariz22/passbook/server/proto/user.pb.go:600.34,602.4 1 0
github.com/22Fariz22/passbook/server/proto/user.pb.go:603.3,603.12 1 0
github.com/22Fariz22/passbook/server/proto/user.pb.go:605.2,605.24 1 0
github.com/22Fariz22/passbook/server/proto/user.pb.go:609.52,611.2 1 0
github.com/22Fariz22/passbook/server/proto/user.pb.go:613.41,614.14 1 0
github.com/22Fariz22/passbook/server/proto/user.pb.go:614.14,616.3 1 0
github.com/22Fariz22/passbook/server/proto/user.pb.go:617.2,617.12 1 0
github.com/22Fariz22/passbook/server/proto/user.pb.go:626.33,628.29 2 0
github.com/22Fariz22/passbook/server/proto/user.pb.go:628.29,632.3 3 0
github.com/22Fariz22/passbook/server/proto/user.pb.go:635.41,637.2 1 0
github.com/22Fariz22/passbook/server/proto/user.pb.go:639.39,639.40 0 0
github.com/22Fariz22/passbook/server/proto/user.pb.go:641.61,643.41 2 0
github.com/22Fariz22/passbook/server/proto/user.pb.go:643.41,645.34 2 0
github.com/22Fariz22/passbook/server/proto/user.pb.go:645.34,647.4 1 0
github.com/22Fariz22/passbook/server/proto/user.pb.go:648.3,648.12 1 0
github.com/22Fariz22/passbook/server/proto/user.pb.go:650.2,650.24 1 0
github.com/22Fariz22/passbook/server/proto/user.pb.go:654.52,656.2 1 0
github.com/22Fariz22/passbook/server/proto/user.pb.go:664.34,666.29 2 0
github.com/22Fariz22/passbook/server/proto/user.pb.go:666.29,670.3 3 0
github.com/22Fariz22/passbook/server/proto/user.pb.go:673.42,675.2 1 0
github.com/22Fariz22/passbook/server/proto/user.pb.go:677.40,677.41 0 0
github.com/22Fariz22/passbook/server/proto/user.pb.go:679.62,681.41 2 0
github.com/22Fariz22/passbook/server/proto/user.pb.go:681.41,683.34 2 0
github.com/22Fariz22/passbook/server/proto/user.pb.go:683.34,685.4 1 0
github.com/22Fariz22/passbook/server/proto/user.pb.go:686.3,686.12 1 0
github.com/22Fariz22/passbook/server/proto/user.pb.go:688.2,688.24 1 0
github.com/22Fariz22/passbook/server/proto/user.pb.go:692.53,694.2 1 0
github.com/22Fariz22/passbook/server/proto/user.pb.go:706.37,708.29 2 0
github.com/22Fariz22/passbook/server/proto/user.pb.go:708.29,712.3 3 0
github.com/22Fariz22/passbook/server/proto/user.pb.go:715.45,717.2 1 0
github.com/22Fariz22/passbook/server/proto/user.pb.go:719.43,719.44 0 0
github.com/22Fariz22/passbook/server/proto/user.pb.go:721.65,723.41 2 0
github.com/22Fariz22/passbook/server/proto/user.pb.go:723.41,725.34 2 0
github.com/22Fariz22/passbook/server/proto/user.pb.go:725.34,727.4 1 0
github.com/22Fariz22/passbook/server/proto/user.pb.go:728.3,728.12 1 0
github.com/22Fariz22/passbook/server/proto/user.pb.go:730.2,730.24 1 0
github.com/22Fariz22/passbook/server/proto/user.pb.go:734.56,736.2 1 0
github.com/22Fariz22/passbook/server/proto/user.pb.go:738.47,739.14 1 0
github.com/22Fariz22/passbook/server/proto/user.pb.go:739.14,741.3 1 0
github.com/22Fariz22/passbook/server/proto/user.pb.go:742.2,742.11 1 0
github.com/22Fariz22/passbook/server/proto/user.pb.go:745.47,746.14 1 0
github.com/22Fariz22/passbook/server/proto/user.pb.go:746.14,748.3 1 0
github.com/22Fariz22/passbook/server/proto/user.pb.go:749.2,749.11 1 0
github.com/22Fariz22/passbook/server/proto/user.pb.go:752.50,753.14 1 0
github.com/22Fariz22/passbook/server/proto/user.pb.go:753.14,755.3 1 0
github.com/22Fariz22/passbook/server/proto/user.pb.go:756.2,756.11 1 0
github.com/22Fariz22/passbook/server/proto/user.pb.go:765.38,767.29 2 0
github.com/22Fariz22/passbook/server/proto/user.pb.go:767.29,771.3 3 0
github.com/22Fariz22/passbook/server/proto/user.pb.go:774.46,776.2 1 0
github.com/22Fariz22/passbook/server/proto/user.pb.go:778.44,778.45 0 0
github.com/22Fariz22/passbook/server/proto/user.pb.go:780.66,782.41 2 0
github.com/22Fariz22/passbook/server/proto/user.pb.go:782.41,784.34 2 0
github.com/22Fariz22/passbook/server/proto/user.pb.go:784.34,786.4 1 0
github.com/22Fariz22/passbook/server/proto/user.pb.go:787.3,787.12 1 0
github.com/22Fariz22/passbook/server/proto/user.pb.go:789.2,789.24 1 0
github.com/22Fariz22/passbook/server/proto/user.pb.go:793.57,795.2 1 0
github.com/22Fariz22/passbook/server/proto/user.pb.go:806.34,808.29 2 0
github.com/22Fariz22/passbook/server/proto/user.pb.go:808.29,812.3 3 0
github.com/22Fariz22/passbook/server/proto/user.pb.go:815.42,817.2 1 0
github.com/22Fariz22/passbook/server/proto/user.pb.go:819.40,819.41 0 0
github.com/22Fariz22/passbook/server/proto/user.pb.go:821.62,823.41 2 0
github.com/22Fariz22/passbook/server/proto/user.pb.go:823.41,825.34 2 0
github.com/22Fariz22/passbook/server/proto/user.pb.go:825.34,827.4 1 0
github.com/22Fariz22/passbook/server/proto/user.pb.go:828.3,828.12 1 0
github.com/22Fariz22/passbook/server/proto/user.pb.go:830.2,830.24 1 0
github.com/22Fariz22/passbook/server/proto/user.pb.go:834.53,836.2 1 0
github.com/22Fariz22/passbook/server/proto/user.pb.go:838.44,839.14 1 0
github.com/22Fariz22/passbook/server/proto/user.pb.go:839.14,841.3 1 0
github.com/22Fariz22/passbook/server/proto/user.pb.go:842.2,842.11 1 0
github.com/22Fariz22/passbook/server/proto/user.pb.go:845.43,846.14 1 0
github.com/22Fariz22/passbook/server/proto/user.pb.go:846.14,848.3 1 0
github.com/22Fariz22/passbook/server/proto/user.pb.go:849.2,849.11 1 0
github.com/22Fariz22/passbook/server/proto/user.pb.go:858.35,860.29 2 0
github.com/22Fariz22/passbook/server/proto/user.pb.go:860.29,864.3 3 0
github.com/22Fariz22/passbook/server/proto/user.pb.go:867.43,869.2 1 0
github.com/22Fariz22/passbook/server/proto/user.pb.go:871.41,871.42 0 0
github.com/22Fariz22/passbook/server/proto/user.pb.go:873.63,875.41 2 0
github.com/22Fariz22/passbook/server/proto/user.pb.go:875.41,877.34 2 0
github.com/22Fariz22/passbook/server/proto/user.pb.go:877.34,879.4 1 0
github.com/22Fariz22/passbook/server/proto/user.pb.go:880.3,880.12 1 0
github.com/22Fariz22/passbook/server/proto/user.pb.go:882.2,882.24 1 0
github.com/22Fariz22/passbook/server/proto/user.pb.go:886.54,888.2 1 0
github.com/22Fariz22/passbook/server/proto/user.pb.go:899.36,901.29 2 0
github.com/22Fariz22/passbook/server/proto/user.pb.go:901.29,905.3 3 0
github.com/22Fariz22/passbook/server/proto/user.pb.go:908.44,910.2 1 0
github.com/22Fariz22/passbook/server/proto/user.pb.go:912.42,912.43 0 0
github.com/22Fariz22/passbook/server/proto/user.pb.go:914.64,916.41 2 0
github.com/22Fariz22/passbook/server/proto/user.pb.go:916.41,918.34 2 0
github.com/22Fariz22/passbook/server/proto/user.pb.go:918.34,920.4 1 0
github.com/22Fariz22/passbook/server/proto/user.pb.go:921.3,921.12 1 0
github.com/22Fariz22/passbook/server/proto/user.pb.go:923.2,923.24 1 0
github.com/22Fariz22/passbook/server/proto/user.pb.go:927.55,929.2 1 0
github.com/22Fariz22/passbook/server/proto/user.pb.go:931.46,932.14 1 0
github.com/22Fariz22/passbook/server/proto/user.pb.go:932.14,934.3 1 0
github.com/22Fariz22/passbook/server/proto/user.pb.go:935.2,935.11 1 0
github.com/22Fariz22/passbook/server/proto/user.pb.go:938.45,939.14 1 0
github.com/22Fariz22/passbook/server/proto/user.pb.go:939.14,941.3 1 0
github.com/22Fariz22/passbook/server/proto/user.pb.go:942.2,942.12 1 0
github.com/22Fariz22/passbook/server/proto/user.pb.go:951.37,953.29 2 0
github.com/22Fariz22/passbook/server/proto/user.pb.go:953.29,957.3 3 0
github.com/22Fariz22/passbook/server/proto/user.pb.go:960.45,962.2 1 0
github.com/22Fariz22/passbook/server/proto/user.pb.go:964.43,964.44 0 0
github.com/22Fariz22/passbook/server/proto/user.pb.go:966.65,968.41 2 0
github.com/22Fariz22/passbook/server/proto/user.pb.go:968.41,970.34 2 0
github.com/22Fariz22/passbook/server/proto/user.pb.go:970.34,972.4 1 0
github.com/22Fariz22/passbook/server/proto/user.pb.go:973.3,973.12 1 0
github.com/22Fariz22/passbook/server/proto/user.pb.go:975.2,975.24 1 0
github.com/22Fariz22/passbook/server/proto/user.pb.go:979.56,981.2 1 0
github.com/22Fariz22/passbook/server/proto/user.pb.go:995.34,997.29 2 0
github.com/22Fariz22/passbook/server/proto/user.pb.go:997.29,1001.3 3 0
github.com/22Fariz22/passbook/server/proto/user.pb.go:1004.42,1006.2 1 0
github.com/22Fariz22/passbook/server/proto/user.pb.go:1008.40,1008.41 0 0
github.com/22Fariz22/passbook/server/proto/user.pb.go:1010.62,1012.41 2 0
github.com/22Fariz22/passbook/server/proto/user.pb.go:1012.41,1014.34 2 0
github.com/22Fariz22/passbook/server/proto/user.pb.go:1014.34,1016.4 1 0
github.com/22Fariz22/passbook/server/proto/user.pb.go:1017.3,1017.12 1 0
github.com/22Fariz22/passbook/server/proto/user.pb.go:1019.2,1019.24 1 0
github.com/22Fariz22/passbook/server/proto/user.pb.go:1023.53,1025.2 1 0
github.com/22Fariz22/passbook/server/proto/user.pb.go:1027.44,1028.14 1 0
github.com/22Fariz22/passbook/server/proto/user.pb.go:1028.14,1030.3 1 0
github.com/22Fariz22/passbook/server/proto/user.pb.go:1031.2,1031.11 1 0
github.com/22Fariz22/passbook/server/proto/user.pb.go:1034.43,1035.14 1 0
github.com/22Fariz22/passbook/server/proto/user.pb.go:1035.14,1037.3 1 0
github.com/22Fariz22/passbook/server/proto/user.pb.go:1038.2,1038.11 1 0
github.com/22Fariz22/passbook/server/proto/user.pb.go:1041.49,1042.14 1 0
github.com/22Fariz22/passbook/server/proto/user.pb.go:1042.14,1044.3 1 0
github.com/22Fariz22/passbook/server/proto/user.pb.go:1045.2,1045.11 1 0
github.com/22Fariz22/passbook/server/proto/user.pb.go:1048.46,1049.14 1 0
github.com/22Fariz22/passbook/server/proto/user.pb.go:1049.14,1051.3 1 0
github.com/22Fariz22/passbook/server/proto/user.pb.go:1052.2,1052.11 1 0
github.com/22Fariz22/passbook/server/proto/user.pb.go:1055.46,1056.14 1 0
github.com/22Fariz22/passbook/server/proto/user.pb.go:1056.14,1058.3 1 0
github.com/22Fariz22/passbook/server/proto/user.pb.go:1059.2,1059.11 1 0
github.com/22Fariz22/passbook/server/proto/user.pb.go:1068.35,1070.29 2 0
github.com/22Fariz22/passbook/server/proto/user.pb.go:1070.29,1074.3 3 0
github.com/22Fariz22/passbook/server/proto/user.pb.go:1077.43,1079.2 1 0
github.com/22Fariz22/passbook/server/proto/user.pb.go:1081.41,1081.42 0 0
github.com/22Fariz22/passbook/server/proto/user.pb.go:1083.63,1085.41 2 0
github.com/22Fariz22/passbook/server/proto/user.pb.go:1085.41,1087.34 2 0
github.com/22Fariz22/passbook/server/proto/user.pb.go:1087.34,1089.4 1 0
github.com/22Fariz22/passbook/server/proto/user.pb.go:1090.3,1090.12 1 0
github.com/22Fariz22/passbook/server/proto/user.pb.go:1092.2,1092.24 1 0
github.com/22Fariz22/passbook/server/proto/user.pb.go:1096.54,1098.2 1 0
github.com/22Fariz22/passbook/server/proto/user.pb.go:1108.37,1110.29 2 0
github.com/22Fariz22/passbook/server/proto/user.pb.go:1110.29,1114.3 3 0
github.com/22Fariz22/passbook/server/proto/user.pb.go:1117.45,1119.2 1 0
github.com/22Fariz22/passbook/server/proto/user.pb.go:1121.43,1121.44 0 0
github.com/22Fariz22/passbook/server/proto/user.pb.go:1123.65,1125.41 2 0
github.com/22Fariz22/passbook/server/proto/user.pb.go:1125.41,1127.34 2 0
github.com/22Fariz22/passbook/server/proto/user.pb.go:1127.34,1129.4 1 0
github.com/22Fariz22/passbook/server/proto/user.pb.go:1130.3,1130.12 1 0
github.com/22Fariz22/passbook/server/proto/user.pb.go:1132.2,1132.24 1 0
github.com/22Fariz22/passbook/server/proto/user.pb.go:1136.56,1138.2 1 0
github.com/22Fariz22/passbook/server/proto/user.pb.go:1140.47,1141.14 1 0
github.com/22Fariz22/passbook/server/proto/user.pb.go:1141.14,1143.3 1 0
github.com/22Fariz22/passbook/server/proto/user.pb.go:1144.2,1144.11 1 0
github.com/22Fariz22/passbook/server/proto/user.pb.go:1155.38,1157.29 2 0
github.com/22Fariz22/passbook/server/proto/user.pb.go:1157.29,1161.3 3 0
github.com/22Fariz22/passbook/server/proto/user.pb.go:1164.46,1166.2 1 0
github.com/22Fariz22/passbook/server/proto/user.pb.go:1168.44,1168.45 0 0
github.com/22Fariz22/passbook/server/proto/user.pb.go:1170.66,1172.41 2 0
github.com/22Fariz22/passbook/server/proto/user.pb.go:1172.41,1174.34 2 0
github.com/22Fariz22/passbook/server/proto/user.pb.go:1174.34,1176.4 1 0
github.com/22Fariz22/passbook/server/proto/user.pb.go:1177.3,1177.12 1 0
github.com/22Fariz22/passbook/server/proto/user.pb.go:1179.2,1179.24 1 0
github.com/22Fariz22/passbook/server/proto/user.pb.go:1183.57,1185.2 1 0
github.com/22Fariz22/passbook/server/proto/user.pb.go:1187.49,1188.14 1 0
github.com/22Fariz22/passbook/server/proto/user.pb.go:1188.14,1190.3 1 0
github.com/22Fariz22/passbook/server/proto/user.pb.go:1191.2,1191.12 1 0
github.com/22Fariz22/passbook/server/proto/user.pb.go:1200.38,1202.29 2 0
github.com/22Fariz22/passbook/server/proto/user.pb.go:1202.29,1206.3 3 0
github.com/22Fariz22/passbook/server/proto/user.pb.go:1209.46,1211.2 1 0
github.com/22Fariz22/passbook/server/proto/user.pb.go:1213.44,1213.45 0 0
github.com/22Fariz22/passbook/server/proto/user.pb.go:1215.66,1217.41 2 0
github.com/22Fariz22/passbook/server/proto/user.pb.go:1217.41,1219.34 2 0
github.com/22Fariz22/passbook/server/proto/user.pb.go:1219.34,1221.4 1 0
github.com/22Fariz22/passbook/server/proto/user.pb.go:1222.3,1222.12 1 0
github.com/22Fariz22/passbook/server/proto/user.pb.go:1224.2,1224.24 1 0
github.com/22Fariz22/passbook/server/proto/user.pb.go:1228.57,1230.2 1 0
github.com/22Fariz22/passbook/server/proto/user.pb.go:1240.39,1242.29 2 0
github.com/22Fariz22/passbook/server/proto/user.pb.go:1242.29,1246.3 3 0
github.com/22Fariz22/passbook/server/proto/user.pb.go:1249.47,1251.2 1 0
github.com/22Fariz22/passbook/server/proto/user.pb.go:1253.45,1253.46 0 0
github.com/22Fariz22/passbook/server/proto/user.pb.go:1255.67,1257.41 2 0
github.com/22Fariz22/passbook/server/proto/user.pb.go:1257.41,1259.34 2 0
github.com/22Fariz22/passbook/server/proto/user.pb.go:1259.34,1261.4 1 0
github.com/22Fariz22/passbook/server/proto/user.pb.go:1262.3,1262.12 1 0
github.com/22Fariz22/passbook/server/proto/user.pb.go:1264.2,1264.24 1 0
github.com/22Fariz22/passbook/server/proto/user.pb.go:1268.58,1270.2 1 0
github.com/22Fariz22/passbook/server/proto/user.pb.go:1272.50,1273.14 1 0
github.com/22Fariz22/passbook/server/proto/user.pb.go:1273.14,1275.3 1 0
github.com/22Fariz22/passbook/server/proto/user.pb.go:1276.2,1276.12 1 0
github.com/22Fariz22/passbook/server/proto/user.pb.go:1285.39,1287.29 2 0
github.com/22Fariz22/passbook/server/proto/user.pb.go:1287.29,1291.3 3 0
github.com/22Fariz22/passbook/server/proto/user.pb.go:1294.47,1296.2 1 0
github.com/22Fariz22/passbook/server/proto/user.pb.go:1298.45,1298.46 0 0
github.com/22Fariz22/passbook/server/proto/user.pb.go:1300.67,1302.41 2 0
github.com/22Fariz22/passbook/server/proto/user.pb.go:1302.41,1304.34 2 0
github.com/22Fariz22/passbook/server/proto/user.pb.go:1304.34,1306.4 1 0
github.com/22Fariz22/passbook/server/proto/user.pb.go:1307.3,1307.12 1 0
github.com/22Fariz22/passbook/server/proto/user.pb.go:1309.2,1309.24 1 0
github.com/22Fariz22/passbook/server/proto/user.pb.go:1313.58,1315.2 1 0
github.com/22Fariz22/passbook/server/proto/user.pb.go:1325.40,1327.29 2 0
github.com/22Fariz22/passbook/server/proto/user.pb.go:1327.29,1331.3 3 0
github.com/22Fariz22/passbook/server/proto/user.pb.go:1334.48,1336.2 1 0
github.com/22Fariz22/passbook/server/proto/user.pb.go:1338.46,1338.47 0 0
github.com/22Fariz22/passbook/server/proto/user.pb.go:1340.68,1342.41 2 0
github.com/22Fariz22/passbook/server/proto/user.pb.go:1342.41,1344.34 2 0
github.com/22Fariz22/passbook/server/proto/user.pb.go:1344.34,1346.4 1 0
github.com/22Fariz22/passbook/server/proto/user.pb.go:1347.3,1347.12 1 0
github.com/22Fariz22/passbook/server/proto/user.pb.go:1349.2,1349.24 1 0
github.com/22Fariz22/passbook/server/proto/user.pb.go:1353.59,1355.2 1 0
github.com/22Fariz22/passbook/server/proto/user.pb.go:1357.51,1358.14 1 0
github.com/22Fariz22/passbook/server/proto/user.pb.go:1358.14,1360.3 1 0
github.com/22Fariz22/passbook/server/proto/user.pb.go:1361.2,1361.12 1 0
github.com/22Fariz22/passbook/server/proto/user.pb.go:1515.49,1516.46 1 0
github.com/22Fariz22/passbook/server/proto/user.pb.go:1516.46,1518.3 1 0
github.com/22Fariz22/passbook/server/proto/user.pb.go:1519.2,1519.42 1 0
github.com/22Fariz22/passbook/server/proto/user.pb.go:1590.13,1590.45 1 1
github.com/22Fariz22/passbook/server/proto/user.pb.go:1591.35,1592.34 1 1
github.com/22Fariz22/passbook/server/proto/user.pb.go:1592.34,1594.3 1 0
github.com/22Fariz22/passbook/server/proto/user.pb.go:1595.2,1595.30 1 1
github.com/22Fariz22/passbook/server/proto/user.pb.go:1595.30,1596.87 1 0
github.com/22Fariz22/passbook/server/proto/user.pb.go:1596.87,1597.32 1 0
github.com/22Fariz22/passbook/server/proto/user.pb.go:1598.11,1599.20 1 0
github.com/22Fariz22/passbook/server/proto/user.pb.go:1600.11,1601.24 1 0
github.com/22Fariz22/passbook/server/proto/user.pb.go:1602.11,1603.28 1 0
github.com/22Fariz22/passbook/server/proto/user.pb.go:1604.12,1605.15 1 0
github.com/22Fariz22/passbook/server/proto/user.pb.go:1608.3,1608.87 1 0
github.com/22Fariz22/passbook/server/proto/user.pb.go:1608.87,1609.29 1 0
github.com/22Fariz22/passbook/server/proto/user.pb.go:1610.11,1611.20 1 0
github.com/22Fariz22/passbook/server/proto/user.pb.go:1612.11,1613.24 1 0
github.com/22Fariz22/passbook/server/proto/user.pb.go:1614.11,1615.28 1 0
github.com/22Fariz22/passbook/server/proto/user.pb.go:1616.12,1617.15 1 0
github.com/22Fariz22/passbook/server/proto/user.pb.go:1620.3,1620.87 1 0
github.com/22Fariz22/passbook/server/proto/user.pb.go:1620.87,1621.40 1 0
github.com/22Fariz22/passbook/server/proto/user.pb.go:1622.11,1623.20 1 0
github.com/22Fariz22/passbook/server/proto/user.pb.go:1624.11,1625.24 1 0
github.com/22Fariz22/passbook/server/proto/user.pb.go:1626.11,1627.28 1 0
github.com/22Fariz22/passbook/server/proto/user.pb.go:1628.12,1629.15 1 0
github.com/22Fariz22/passbook/server/proto/user.pb.go:1632.3,1632.87 1 0
github.com/22Fariz22/passbook/server/proto/user.pb.go:1632.87,1633.41 1 0
github.com/22Fariz22/passbook/server/proto/user.pb.go:1634.11,1635.20 1 0
github.com/22Fariz22/passbook/server/proto/user.pb.go:1636.11,1637.24 1 0
github.com/22Fariz22/passbook/server/proto/user.pb.go:1638.11,1639.28 1 0
github.com/22Fariz22/passbook/server/proto/user.pb.go:1640.12,1641.15 1 0
github.com/22Fariz22/passbook/server/proto/user.pb.go:1644.3,1644.87 1 0
github.com/22Fariz22/passbook/server/proto/user.pb.go:1644.87,1645.43 1 0
github.com/22Fariz22/passbook/server/proto/user.pb.go:1646.11,1647.20 1 0
github.com/22Fariz22/passbook/server/proto/user.pb.go:1648.11,1649.24 1 0
github.com/22Fariz22/passbook/server/proto/user.pb.go:1650.11,1651.28 1 0
github.com/22Fariz22/passbook/server/proto/user.pb.go:1652.12,1653.15 1 0
github.com/22Fariz22/passbook/server/proto/user.pb.go:1656.3,1656.87 1 0
github.com/22Fariz22/passbook/server/proto/user.pb.go:1656.87,1657.44 1 0
github.com/22Fariz22/passbook/server/proto/user.pb.go:1658.11,1659.20 1 0
github.com/22Fariz22/passbook/server/proto/user.pb.go:1660.11,1661.24 1 0
github.com/22Fariz22/passbook/server/proto/user.pb.go:1662.11,1663.28 1 0
github.com/22Fariz22/passbook/server/proto/user.pb.go:1664.12,1665.15 1 0
github.com/22Fariz22/passbook/server/proto/user.pb.go:1668.3,1668.87 1 0
github.com/22Fariz22/passbook/server/proto/user.pb.go:1668.87,1669.40 1 0
github.com/22Fariz22/passbook/server/proto/user.pb.go:1670.11,1671.20 1 0
github.com/22Fariz22/passbook/server/proto/user.pb.go:1672.11,1673.24 1 0
github.com/22Fariz22/passbook/server/proto/user.pb.go:1674.11,1675.28 1 0
github.com/22Fariz22/passbook/server/proto/user.pb.go:1676.12,1677.15 1 0
github.com/22Fariz22/passbook/server/proto/user.pb.go:1680.3,1680.87 1 0
github.com/22Fariz22/passbook/server/proto/user.pb.go:1680.87,1681.41 1 0
github.com/22Fariz22/passbook/server/proto/user.pb.go:1682.11,1683.20 1 0
github.com/22Fariz22/passbook/server/proto/user.pb.go:1684.11,1685.24 1 0
github.com/22Fariz22/passbook/server/proto/user.pb.go:1686.11,1687.28 1 0
github.com/22Fariz22/passbook/server/proto/user.pb.go:1688.12,1689.15 1 0
github.com/22Fariz22/passbook/server/proto/user.pb.go:1692.3,1692.87 1 0
github.com/22Fariz22/passbook/server/proto/user.pb.go:1692.87,1693.37 1 0
github.com/22Fariz22/passbook/server/proto/user.pb.go:1694.11,1695.20 1 0
github.com/22Fariz22/passbook/server/proto/user.pb.go:1696.11,1697.24 1 0
github.com/22Fariz22/passbook/server/proto/user.pb.go:1698.11,1699.28 1 0
github.com/22Fariz22/passbook/server/proto/user.pb.go:1700.12,1701.15 1 0
github.com/22Fariz22/passbook/server/proto/user.pb.go:1704.3,1704.87 1 0
github.com/22Fariz22/passbook/server/proto/user.pb.go:1704.87,1705.38 1 0
github.com/22Fariz22/passbook/server/proto/user.pb.go:1706.11,1707.20 1 0
github.com/22Fariz22/passbook/server/proto/user.pb.go:1708.11,1709.24 1 0
github.com/22Fariz22/passbook/server/proto/user.pb.go:1710.11,1711.28 1 0
github.com/22Fariz22/passbook/server/proto/user.pb.go:1712.12,1713.15 1 0
github.com/22Fariz22/passbook/server/proto/user.pb.go:1716.3,1716.88 1 0
github.com/22Fariz22/passbook/server/proto/user.pb.go:1716.88,1717.37 1 0
github.com/22Fariz22/passbook/server/proto/user.pb.go:1718.11,1719.20 1 0
github.com/22Fariz22/passbook/server/proto/user.pb.go:1720.11,1721.24 1 0
github.com/22Fariz22/passbook/server/proto/user.pb.go:1722.11,1723.28 1 0
github.com/22Fariz22/passbook/server/proto/user.pb.go:1724.12,1725.15 1 0
github.com/22Fariz22/passbook/server/proto/user.pb.go:1728.3,1728.88 1 0
github.com/22Fariz22/passbook/server/proto/user.pb.go:1728.88,1729.38 1 0
github.com/22Fariz22/passbook/server/proto/user.pb.go:1730.11,1731.20 1 0
github.com/22Fariz22/passbook/server/proto/user.pb.go:1732.11,1733.24 1 0
github.com/22Fariz22/passbook/server/proto/user.pb.go:1734.11,1735.28 1 0
github.com/22Fariz22/passbook/server/proto/user.pb.go:1736.12,1737.15 1 0
github.com/22Fariz22/passbook/server/proto/user.pb.go:1740.3,1740.88 1 0
github.com/22Fariz22/passbook/server/proto/user.pb.go:1740.88,1741.38 1 0
github.com/22Fariz22/passbook/server/proto/user.pb.go:1742.11,1743.20 1 0
github.com/22Fariz22/passbook/server/proto/user.pb.go:1744.11,1745.24 1 0
github.com/22Fariz22/passbook/server/proto/user.pb.go:1746.11,1747.28 1 0
github.com/22Fariz22/passbook/server/proto/user.pb.go:1748.12,1749.15 1 0
github.com/22Fariz22/passbook/server/proto/user.pb.go:1752.3,1752.88 1 0
github.com/22Fariz22/passbook/server/proto/user.pb.go:1752.88,1753.39 1 0
github.com/22Fariz22/passbook/server/proto/user.pb.go:1754.11,1755.20 1 0
github.com/22Fariz22/passbook/server/proto/user.pb.go:1756.11,1757.24 1 0
github.com/22Fariz22/passbook/server/proto/user.pb.go:1758.11,1759.28 1 0
github.com/22Fariz22/passbook/server/proto/user.pb.go:1760.12,1761.15 1 0
github.com/22Fariz22/passbook/server/proto/user.pb.go:1764.3,1764.88 1 0
github.com/22Fariz22/passbook/server/proto/user.pb.go:1764.88,1765.42 1 0
github.com/22Fariz22/passbook/server/proto/user.pb.go:1766.11,1767.20 1 0
github.com/22Fariz22/passbook/server/proto/user.pb.go:1768.11,1769.24 1 0
github.com/22Fariz22/passbook/server/proto/user.pb.go:1770.11,1771.28 1 0
github.com/22Fariz22/passbook/server/proto/user.pb.go:1772.12,1773.15 1 0
github.com/22Fariz22/passbook/server/proto/user.pb.go:1776.3,1776.88 1 0
github.com/22Fariz22/passbook/server/proto/user.pb.go:1776.88,1777.43 1 0
github.com/22Fariz22/passbook/server/proto/user.pb.go:1778.11,1779.20 1 0
github.com/22Fariz22/passbook/server/proto/user.pb.go:1780.11,1781.24 1 0
github.com/22Fariz22/passbook/server/proto/user.pb.go:1782.11,1783.28 1 0
github.com/22Fariz22/passbook/server/proto/user.pb.go:1784.12,1785.15 1 0
github.com/22Fariz22/passbook/server/proto/user.pb.go:1788.3,1788.88 1 0
github.com/22Fariz22/passbook/server/proto/user.pb.go:1788.88,1789.39 1 0
github.com/22Fariz22/passbook/server/proto/user.pb.go:1790.11,1791.20 1 0
github.com/22Fariz22/passbook/server/proto/user.pb.go:1792.11,1793.24 1 0
github.com/22Fariz22/passbook/server/proto/user.pb.go:1794.11,1795.28 1 0
github.com/22Fariz22/passbook/server/proto/user.pb.go:1796.12,1797.15 1 0
github.com/22Fariz22/passbook/server/proto/user.pb.go:1800.3,1800.88 1 0
github.com/22Fariz22/passbook/server/proto/user.pb.go:1800.88,1801.40 1 0
github.com/22Fariz22/passbook/server/proto/user.pb.go:1802.11,1803.20 1 0
github.com/22Fariz22/passbook/server/proto/user.pb.go:1804.11,1805.24 1 0
github.com/22Fariz22/passbook/server/proto/user.pb.go:1806.11,1807.28 1 0
github.com/22Fariz22/passbook/server/proto/user.pb.go:1808.12,1809.15 1 0
github.com/22Fariz22/passbook/server/proto/user.pb.go:1812.3,1812.88 1 0
github.com/22Fariz22/passbook/server/proto/user.pb.go:1812.88,1813.41 1 0
github.com/22Fariz22/passbook/server/proto/user.pb.go:1814.11,1815.20 1 0
github.com/22Fariz22/passbook/server/proto/user.pb.go:1816.11,1817.24 1 0
github.com/22Fariz22/passbook/server/proto/user.pb.go:1818.11,1819.28 1 0
github.com/22Fariz22/passbook/server/proto/user.pb.go:1820.12,1821.15 1 0
github.com/22Fariz22/passbook/server/proto/user.pb.go:1824.3,1824.88 1 0
github.com/22Fariz22/passbook/server/proto/user.pb.go:1824.88,1825.42 1 0
github.com/22Fariz22/passbook/server/proto/user.pb.go:1826.11,1827.20 1 0
github.com/22Fariz22/passbook/server/proto/user.pb.go:1828.11,1829.24 1 0
github.com/22Fariz22/passbook/server/proto/user.pb.go:1830.11,1831.28 1 0
github.com/22Fariz22/passbook/server/proto/user.pb.go:1832.12,1833.15 1 0
github.com/22Fariz22/passbook/server/proto/user.pb.go:1836.3,1836.88 1 0
github.com/22Fariz22/passbook/server/proto/user.pb.go:1836.88,1837.39 1 0
github.com/22Fariz22/passbook/server/proto/user.pb.go:1838.11,1839.20 1 0
github.com/22Fariz22/passbook/server/proto/user.pb.go:1840.11,1841.24 1 0
github.com/22Fariz22/passbook/server/proto/user.pb.go:1842.11,1843.28 1 0
github.com/22Fariz22/passbook/server/proto/user.pb.go:1844.12,1845.15 1 0
github.com/22Fariz22/passbook/server/proto/user.pb.go:1848.3,1848.88 1 0
github.com/22Fariz22/passbook/server/proto/user.pb.go:1848.88,1849.40 1 0
github.com/22Fariz22/passbook/server/proto/user.pb.go:1850.11,1851.20 1 0
github.com/22Fariz22/passbook/server/proto/user.pb.go:1852.11,1853.24 1 0
github.com/22Fariz22/passbook/server/proto/user.pb.go:1854.11,1855.28 1 0
github.com/22Fariz22/passbook/server/proto/user.pb.go:1856.12,1857.15 1 0
github.com/22Fariz22/passbook/server/proto/user.pb.go:1860.3,1860.88 1 0
github.com/22Fariz22/passbook/server/proto/user.pb.go:1860.88,1861.42 1 0
github.com/22Fariz22/passbook/server/proto/user.pb.go:1862.11,1863.20 1 0
github.com/22Fariz22/passbook/server/proto/user.pb.go:1864.11,1865.24 1 0
github.com/22Fariz22/passbook/server/proto/user.pb.go:1866.11,1867.28 1 0
github.com/22Fariz22/passbook/server/proto/user.pb.go:1868.12,1869.15 1 0
github.com/22Fariz22/passbook/server/proto/user.pb.go:1872.3,1872.88 1 0
github.com/22Fariz22/passbook/server/proto/user.pb.go:1872.88,1873.43 1 0
github.com/22Fariz22/passbook/server/proto/user.pb.go:1874.11,1875.20 1 0
github.com/22Fariz22/passbook/server/proto/user.pb.go:1876.11,1877.24 1 0
github.com/22Fariz22/passbook/server/proto/user.pb.go:1878.11,1879.28 1 0
github.com/22Fariz22/passbook/server/proto/user.pb.go:1880.12,1881.15 1 0
github.com/22Fariz22/passbook/server/proto/user.pb.go:1884.3,1884.88 1 0
github.com/22Fariz22/passbook/server/proto/user.pb.go:1884.88,1885.43 1 0
github.com/22Fariz22/passbook/server/proto/user.pb.go:1886.11,1887.20 1 0
github.com/22Fariz22/passbook/server/proto/user.pb.go:1888.11,1889.24 1 0
github.com/22Fariz22/passbook/server/proto/user.pb.go:1890.11,1891.28 1 0
github.com/22Fariz22/passbook/server/proto/user.pb.go:1892.12,1893.15 1 0
github.com/22Fariz22/passbook/server/proto/user.pb.go:1896.3,1896.88 1 0
github.com/22Fariz22/passbook/server/proto/user.pb.go:1896.88,1897.44 1 0
github.com/22Fariz22/passbook/server/proto/user.pb.go:1898.11,1899.20 1 0
github.com/22Fariz22/passbook/server/proto/user.pb.go:1900.11,1901.24 1 0
github.com/22Fariz22/passbook/server/proto/user.pb.go:1902.11,1903.28 1 0
github.com/22Fariz22/passbook/server/proto/user.pb.go:1904.12,1905.15 1 0
github.com/22Fariz22/passbook/server/proto/user.pb.go:1908.3,1908.88 1 0
github.com/22Fariz22/passbook/server/proto/user.pb.go:1908.88,1909.44 1 0
github.com/22Fariz22/passbook/server/proto/user.pb.go:1910.11,1911.20 1 0
github.com/22Fariz22/passbook/server/proto/user.pb.go:1912.11,1913.24 1 0
github.com/22Fariz22/passbook/server/proto/user.pb.go:1914.11,1915.28 1 0
github.com/22Fariz22/passbook/server/proto/user.pb.go:1916.12,1917.15 1 0
github.com/22Fariz22/passbook/server/proto/user.pb.go:1920.3,1920.88 1 0
github.com/22Fariz22/passbook/server/proto/user.pb.go:1920.88,1921.45 1 0
github.com/22Fariz22/passbook/server/proto/user.pb.go:1922.11,1923.20 1 0
github.com/22Fariz22/passbook/server/proto/user.pb.go:1924.11,1925.24 1 0
github.com/22Fariz22/passbook/server/proto/user.pb.go:1926.11,1927.28 1 0
github.com/22Fariz22/passbook/server/proto/user.pb.go:1928.12,1929.15 1 0
github.com/22Fariz22/passbook/server/proto/user.pb.go:1933.2,1950.37 6 1
github.com/22Fariz22/passbook/server/proto/user_grpc.pb.go:60.74,62.2 1 0
github.com/22Fariz22/passbook/server/proto/user_grpc.pb.go:64.132,67.16 3 0
github.com/22Fariz22/passbook/server/proto/user_grpc.pb.go:67.16,69.3 1 0
github.com/22Fariz22/passbook/server/proto/user_grpc.pb.go:70.2,70.17 1 0
github.com/22Fariz22/passbook/server/proto/user_grpc.pb.go:73.141,76.16 3 0
github.com/22Fariz22/passbook/server/proto/user_grpc.pb.go:76.16,78.3 1 0
github.com/22Fariz22/passbook/server/proto/user_grpc.pb.go:79.2,79.17 1 0
github.com/22Fariz22/passbook/server/proto/user_grpc.pb.go:82.132,85.16 3 0
github.com/22Fariz22/passbook/server/proto/user_grpc.pb.go:85.16,87.3 1 0
github.com/22Fariz22/passbook/server/proto/user_grpc.pb.go:88.2,88.17 1 0
github.com/22Fariz22/passbook/server/proto/user_grpc.pb.go:91.123,94.16 3 0
github.com/22Fariz22/passbook/server/proto/user_grpc.pb.go:94.16,96.3 1 0
github.com/22Fariz22/passbook/server/proto/user_grpc.pb.go:97.2,97.17 1 0
github.com/22Fariz22/passbook/server/proto/user_grpc.pb.go:100.123,103.16 3 0
github.com/22Fariz22/passbook/server/proto/user_grpc.pb.go:103.16,105.3 1 0
github.com/22Fariz22/passbook/server/proto/user_grpc.pb.go:106.2,106.17 1 0
github.com/22Fariz22/passbook/server/proto/user_grpc.pb.go:109.126,112.16 3 0
github.com/22Fariz22/passbook/server/proto/user_grpc.pb.go:112.16,114.3 1 0
github.com/22Fariz22/passbook/server/proto/user_grpc.pb.go:115.2,115.17 1 0
github.com/22Fariz22/passbook/server/proto/user_grpc.pb.go:118.138,121.16 3 0
github.com/22Fariz22/passbook/server/proto/user_grpc.pb.go:121.16,123.3 1 0
github.com/22Fariz22/passbook/server/proto/user_grpc.pb.go:124.2,124.17 1 0
github.com/22Fariz22/passbook/server/proto/user_grpc.pb.go:127.129,130.16 3 0
github.com/22Fariz22/passbook/server/proto/user_grpc.pb.go:130.16,132.3 1 0
github.com/22Fariz22/passbook/server/proto/user_grpc.pb.go:133.2,133.17 1 0
github.com/22Fariz22/passbook/server/proto/user_grpc.pb.go:136.135,139.16 3 0
github.com/22Fariz22/passbook/server/proto/user_grpc.pb.go:139.16,141.3 1 0
github.com/22Fariz22/passbook/server/proto/user_grpc.pb.go:142.2,142.17 1 0
github.com/22Fariz22/passbook/server/proto/user_grpc.pb.go:145.129,148.16 3 0
github.com/22Fariz22/passbook/server/proto/user_grpc.pb.go:148.16,150.3 1 0
github.com/22Fariz22/passbook/server/proto/user_grpc.pb.go:151.2,151.17 1 0
github.com/22Fariz22/passbook/server/proto/user_grpc.pb.go:154.138,157.16 3 0
github.com/22Fariz22/passbook/server/proto/user_grpc.pb.go:157.16,159.3 1 0
github.com/22Fariz22/passbook/server/proto/user_grpc.pb.go:160.2,160.17 1 0
github.com/22Fariz22/passbook/server/proto/user_grpc.pb.go:163.141,166.16 3 0
github.com/22Fariz22/passbook/server/proto/user_grpc.pb.go:166.16,168.3 1 0
github.com/22Fariz22/passbook/server/proto/user_grpc.pb.go:169.2,169.17 1 0
github.com/22Fariz22/passbook/server/proto/user_grpc.pb.go:195.110,197.2 1 0
github.com/22Fariz22/passbook/server/proto/user_grpc.pb.go:198.119,200.2 1 0
github.com/22Fariz22/passbook/server/proto/user_grpc.pb.go:201.110,203.2 1 0
github.com/22Fariz22/passbook/server/proto/user_grpc.pb.go:204.101,206.2 1 0
github.com/22Fariz22/passbook/server/proto/user_grpc.pb.go:207.101,209.2 1 0
github.com/22Fariz22/passbook/server/proto/user_grpc.pb.go:210.104,212.2 1 0
github.com/22Fariz22/passbook/server/proto/user_grpc.pb.go:213.116,215.2 1 0
github.com/22Fariz22/passbook/server/proto/user_grpc.pb.go:216.107,218.2 1 0
github.com/22Fariz22/passbook/server/proto/user_grpc.pb.go:219.113,221.2 1 0
github.com/22Fariz22/passbook/server/proto/user_grpc.pb.go:222.107,224.2 1 0
github.com/22Fariz22/passbook/server/proto/user_grpc.pb.go:225.116,227.2 1 0
github.com/22Fariz22/passbook/server/proto/user_grpc.pb.go:228.119,230.2 1 0
github.com/22Fariz22/passbook/server/proto/user_grpc.pb.go:231.82,231.83 0 0
github.com/22Fariz22/passbook/server/proto/user_grpc.pb.go:240.80,242.2 1 0
github.com/22Fariz22/passbook/server/proto/user_grpc.pb.go:244.165,246.32 2 0
github.com/22Fariz22/passbook/server/proto/user_grpc.pb.go:246.32,248.3 1 0
github.com/22Fariz22/passbook/server/proto/user_grpc.pb.go:249.2,249.24 1 0
github.com/22Fariz22/passbook/server/proto/user_grpc.pb.go:249.24,251.3 1 0
github.com/22Fariz22/passbook/server/proto/user_grpc.pb.go:252.2,256.77 2 0
github.com/22Fariz22/passbook/server/proto/user_grpc.pb.go:256.77,258.3 1 0
github.com/22Fariz22/passbook/server/proto/user_grpc.pb.go:259.2,259.44 1 0
github.com/22Fariz22/passbook/server/proto/user_grpc.pb.go:262.168,264.32 2 0
github.com/22Fariz22/passbook/server/proto/user_grpc.pb.go:264.32,266.3 1 0
github.com/22Fariz22/passbook/server/proto/user_grpc.pb.go:267.2,267.24 1 0
github.com/22Fariz22/passbook/server/proto/user_grpc.pb.go:267.24,269.3 1 0
github.com/22Fariz22/passbook/server/proto/user_grpc.pb.go:270.2,274.77 2 0
github.com/22Fariz22/passbook/server/proto/user_grpc.pb.go:274.77,276.3 1 0
github.com/22Fariz22/passbook/server/proto/user_grpc.pb.go:277.2,277.44 1 0
github.com/22Fariz22/passbook/server/proto/user_grpc.pb.go:280.165,282.32 2 0
github.com/22Fariz22/passbook/server/proto/user_grpc.pb.go:282.32,284.3 1 0
github.com/22Fariz22/passbook/server/proto/user_grpc.pb.go:285.2,285.24 1 0
github.com/22Fariz22/passbook/server/proto/user_grpc.pb.go:285.24,287.3 1 0
github.com/22Fariz22/passbook/server/proto/user_grpc.pb.go:288.2,292.77 2 0
github.com/22Fariz22/passbook/server/proto/user_grpc.pb.go:292.77,294.3 1 0
github.com/22Fariz22/passbook/server/proto/user_grpc.pb.go:295.2,295.44 1 0
github.com/22Fariz22/passbook/server/proto/user_grpc.pb.go:298.162,300.32 2 0
github.com/22Fariz22/passbook/server/proto/user_grpc.pb.go:300.32,302.3 1 0
github.com/22Fariz22/passbook/server/proto/user_grpc.pb.go:303.2,303.24 1 0
github.com/22Fariz22/passbook/server/proto/user_grpc.pb.go:303.24,305.3 1 0
github.com/22Fariz22/passbook/server/proto/user_grpc.pb.go:306.2,310.77 2 0
github.com/22Fariz22/passbook/server/proto/user_grpc.pb.go:310.77,312.3 1 0
github.com/22Fariz22/passbook/server/proto/user_grpc.pb.go:313.2,313.44 1 0
github.com/22Fariz22/passbook/server/proto/user_grpc.pb.go:316.162,318.32 2 0
github.com/22Fariz22/passbook/server/proto/user_grpc.pb.go:318.32,320.3 1 0
github.com/22Fariz22/passbook/server/proto/user_grpc.pb.go:321.2,321.24 1 0
github.com/22Fariz22/passbook/server/proto/user_grpc.pb.go:321.24,323.3 1 0
github.com/22Fariz22/passbook/server/proto/user_grpc.pb.go:324.2,328.77 2 0
github.com/22Fariz22/passbook/server/proto/user_grpc.pb.go:328.77,330.3 1 0
github.com/22Fariz22/passbook/server/proto/user_grpc.pb.go:331.2,331.44 1 0
github.com/22Fariz22/passbook/server/proto/user_grpc.pb.go:334.163,336.32 2 0
github.com/22Fariz22/passbook/server/proto/user_grpc.pb.go:336.32,338.3 1 0
github.com/22Fariz22/passbook/server/proto/user_grpc.pb.go:339.2,339.24 1 0
github.com/22Fariz22/passbook/server/proto/user_grpc.pb.go:339.24,341.3 1 0
github.com/22Fariz22/passbook/server/proto/user_grpc.pb.go:342.2,346.77 2 0
github.com/22Fariz22/passbook/server/proto/user_grpc.pb.go:346.77,348.3 1 0
github.com/22Fariz22/passbook/server/proto/user_grpc.pb.go:349.2,349.44 1 0
github.com/22Fariz22/passbook/server/proto/user_grpc.pb.go:352.167,354.32 2 0
github.com/22Fariz22/passbook/server/proto/user_grpc.pb.go:354.32,356.3 1 0
github.com/22Fariz22/passbook/server/proto/user_grpc.pb.go:357.2,357.24 1 0
github.com/22Fariz22/passbook/server/proto/user_grpc.pb.go:357.24,359.3 1 0
github.com/22Fariz22/passbook/server/proto/user_grpc.pb.go:360.2,364.77 2 0
github.com/22Fariz22/passbook/server/proto/user_grpc.pb.go:364.77,366.3 1 0
github.com/22Fariz22/passbook/server/proto/user_grpc.pb.go:367.2,367.44 1 0
github.com/22Fariz22/passbook/server/proto/user_grpc.pb.go:370.164,372.32 2 0
github.com/22Fariz22/passbook/server/proto/user_grpc.pb.go:372.32,374.3 1 0
github.com/22Fariz22/passbook/server/proto/user_grpc.pb.go:375.2,375.24 1 0
github.com/22Fariz22/passbook/server/proto/user_grpc.pb.go:375.24,377.3 1 0
github.com/22Fariz22/passbook/server/proto/user_grpc.pb.go:378.2,382.77 2 0
github.com/22Fariz22/passbook/server/proto/user_grpc.pb.go:382.77,384.3 1 0
github.com/22Fariz22/passbook/server/proto/user_grpc.pb.go:385.2,385.44 1 0
github.com/22Fariz22/passbook/server/proto/user_grpc.pb.go:388.166,390.32 2 0
github.com/22Fariz22/passbook/server/proto/user_grpc.pb.go:390.32,392.3 1 0
github.com/22Fariz22/passbook/server/proto/user_grpc.pb.go:393.2,393.24 1 0
github.com/22Fariz22/passbook/server/proto/user_grpc.pb.go:393.24,395.3 1 0
github.com/22Fariz22/passbook/server/proto/user_grpc.pb.go:396.2,400.77 2 0
github.com/22Fariz22/passbook/server/proto/user_grpc.pb.go:400.77,402.3 1 0
github.com/22Fariz22/passbook/server/proto/user_grpc.pb.go:403.2,403.44 1 0
github.com/22Fariz22/passbook/server/proto/user_grpc.pb.go:406.164,408.32 2 0
github.com/22Fariz22/passbook/server/proto/user_grpc.pb.go:408.32,410.3 1 0
github.com/22Fariz22/passbook/server/proto/user_grpc.pb.go:411.2,411.24 1 0
github.com/22Fariz22/passbook/server/proto/user_grpc.pb.go:411.24,413.3 1 0
github.com/22Fariz22/passbook/server/proto/user_grpc.pb.go:414.2,418.77 2 0
github.com/22Fariz22/passbook/server/proto/user_grpc.pb.go:418.77,420.3 1 0
github.com/22Fariz22/passbook/server/proto/user_grpc.pb.go:421.2,421.44 1 0
github.com/22Fariz22/passbook/server/proto/user_grpc.pb.go:424.167,426.32 2 0
github.com/22Fariz22/passbook/server/proto/user_grpc.pb.go:426.32,428.3 1 0
github.com/22Fariz22/passbook/server/proto/user_grpc.pb.go:429.2,429.24 1 0
github.com/22Fariz22/passbook/server/proto/user_grpc.pb.go:429.24,431.3 1 0
github.com/22Fariz22/passbook/server/proto/user_grpc.pb.go:432.2,436.77 2 0
github.com/22Fariz22/passbook/server/proto/user_grpc.pb.go:436.77,438.3 1 0
github.com/22Fariz22/passbook/server/proto/user_grpc.pb.go:439.2,439.44 1 0
github.com/22Fariz22/passbook/server/proto/user_grpc.pb.go:442.168,444.32 2 0
github.com/22Fariz22/passbook/server/proto/user_grpc.pb.go:444.32,446.3 1 0
github.com/22Fariz22/passbook/server/proto/user_grpc.pb.go:447.2,447.24 1 0
github.com/22Fariz22/passbook/server/proto/user_grpc.pb.go:447.24,449.3 1 0
github.com/22Fariz22/passbook/server/proto/user_grpc.pb.go:450.2,454.77 2 0
github.com/22Fariz22/passbook/server/proto/user_grpc.pb.go:454.77,456.3 1 0
github.com/22Fariz22/passbook/server/proto/user_grpc.pb.go:457.2,457.44 1 0
github.com/22Fariz22/passbook/cli/pkg/connGrpc.go:11.44,13.16 2 0
github.com/22Fariz22/passbook/cli/pkg/connGrpc.go:13.16,16.3 2 0
github.com/22Fariz22/passbook/cli/pkg/connGrpc.go:20.2,22.10 2 0
github.com/22Fariz22/passbook/cli/pkg/passbook.go:15.72,17.16 2 0
github.com/22Fariz22/passbook/cli/pkg/passbook.go:17.16,20.3 2 0
github.com/22Fariz22/passbook/cli/pkg/passbook.go:21.2,22.12 2 0
github.com/22Fariz22/passbook/cli/pkg/passbook.go:26.66,28.16 2 0
github.com/22Fariz22/passbook/cli/pkg/passbook.go:28.16,31.3 2 0
github.com/22Fariz22/passbook/cli/pkg/passbook.go:34.2,35.16 2 0
github.com/22Fariz22/passbook/cli/pkg/passbook.go:35.16,38.3 2 0
github.com/22Fariz22/passbook/cli/pkg/passbook.go:39.2,40.16 2 0
github.com/22Fariz22/passbook/cli/pkg/passbook.go:40.16,44.3 3 0
github.com/22Fariz22/passbook/cli/pkg/passbook.go:46.2,47.12 2 0
github.com/22Fariz22/passbook/cli/pkg/passbook.go:51.68,53.16 2 0
github.com/22Fariz22/passbook/cli/pkg/passbook.go:53.16,56.3 2 0
github.com/22Fariz22/passbook/cli/pkg/passbook.go:58.2,59.16 2 0
github.com/22Fariz22/passbook/cli/pkg/passbook.go:59.16,62.3 2 0
github.com/22Fariz22/passbook/cli/pkg/passbook.go:63.2,64.12 2 0
github.com/22Fariz22/passbook/cli/pkg/passbook.go:68.87,70.16 2 0
github.com/22Fariz22/passbook/cli/pkg/passbook.go:70.16,72.3 1 0
github.com/22Fariz22/passbook/cli/pkg/passbook.go:74.2,75.16 2 0
github.com/22Fariz22/passbook/cli/pkg/passbook.go:75.16,77.3 1 0
github.com/22Fariz22/passbook/cli/pkg/passbook.go:79.2,79.18 1 0
github.com/22Fariz22/passbook/cli/pkg/passbook.go:83.76,85.16 2 0
github.com/22Fariz22/passbook/cli/pkg/passbook.go:85.16,87.3 1 0
github.com/22Fariz22/passbook/cli/pkg/passbook.go:89.2,90.16 2 0
github.com/22Fariz22/passbook/cli/pkg/passbook.go:90.16,93.3 2 0
github.com/22Fariz22/passbook/cli/pkg/passbook.go:94.2,95.12 2 0
github.com/22Fariz22/passbook/cli/pkg/passbook.go:99.70,101.16 2 0
github.com/22Fariz22/passbook/cli/pkg/passbook.go:101.16,103.3 1 0
github.com/22Fariz22/passbook/cli/pkg/passbook.go:105.2,106.16 2 0
github.com/22Fariz22/passbook/cli/pkg/passbook.go:106.16,109.3 2 0
github.com/22Fariz22/passbook/cli/pkg/passbook.go:110.2,111.12 2 0
github.com/22Fariz22/passbook/cli/pkg/passbook.go:115.74,117.16 2 0
github.com/22Fariz22/passbook/cli/pkg/passbook.go:117.16,119.3 1 0
github.com/22Fariz22/passbook/cli/pkg/passbook.go:121.2,122.16 2 0
github.com/22Fariz22/passbook/cli/pkg/passbook.go:122.16,125.3 2 0
github.com/22Fariz22/passbook/cli/pkg/passbook.go:126.2,127.12 2 0
github.com/22Fariz22/passbook/cli/pkg/passbook.go:131.70,133.16 2 0
github.com/22Fariz22/passbook/cli/pkg/passbook.go:133.16,135.3 1 0
github.com/22Fariz22/passbook/cli/pkg/passbook.go:137.2,138.16 2 0
github.com/22Fariz22/passbook/cli/pkg/passbook.go:138.16,141.3 2 0
github.com/22Fariz22/passbook/cli/pkg/passbook.go:143.2,144.12 2 0
github.com/22Fariz22/passbook/cli/pkg/passbook.go:148.102,150.16 2 0
github.com/22Fariz22/passbook/cli/pkg/passbook.go:150.16,152.3 1 0
github.com/22Fariz22/passbook/cli/pkg/passbook.go:154.2,155.16 2 0
github.com/22Fariz22/passbook/cli/pkg/passbook.go:155.16,157.3 1 0
github.com/22Fariz22/passbook/cli/pkg/passbook.go:159.2,159.17 1 0
github.com/22Fariz22/passbook/cli/pkg/passbook.go:163.105,165.16 2 0
github.com/22Fariz22/passbook/cli/pkg/passbook.go:165.16,167.3 1 0
github.com/22Fariz22/passbook/cli/pkg/passbook.go:169.2,170.16 2 0
github.com/22Fariz22/passbook/cli/pkg/passbook.go:170.16,172.3 1 0
github.com/22Fariz22/passbook/cli/pkg/passbook.go:174.2,174.17 1 0
github.com/22Fariz22/passbook/cli/pkg/passbook.go:178.54,180.16 2 0
github.com/22Fariz22/passbook/cli/pkg/passbook.go:180.16,183.3 2 0
github.com/22Fariz22/passbook/cli/pkg/passbook.go:186.2,189.17 3 0
github.com/22Fariz22/passbook/server/proto/user.pb.go:33.27,35.29 2 0
github.com/22Fariz22/passbook/server/proto/user.pb.go:35.29,39.3 3 0
github.com/22Fariz22/passbook/server/proto/user.pb.go:42.35,44.2 1 0
github.com/22Fariz22/passbook/server/proto/user.pb.go:46.33,46.34 0 0
github.com/22Fariz22/passbook/server/proto/user.pb.go:48.55,50.41 2 0
github.com/22Fariz22/passbook/server/proto/user.pb.go:50.41,52.34 2 0
github.com/22Fariz22/passbook/server/proto/user.pb.go:52.34,54.4 1 0
github.com/22Fariz22/passbook/server/proto/user.pb.go:55.3,55.12 1 0
github.com/22Fariz22/passbook/server/proto/user.pb.go:57.2,57.24 1 0
github.com/22Fariz22/passbook/server/proto/user.pb.go:61.46,63.2 1 0
github.com/22Fariz22/passbook/server/proto/user.pb.go:65.39,66.14 1 0
github.com/22Fariz22/passbook/server/proto/user.pb.go:66.14,68.3 1 0
github.com/22Fariz22/passbook/server/proto/user.pb.go:69.2,69.11 1 0
github.com/22Fariz22/passbook/server/proto/user.pb.go:82.24,84.29 2 0
github.com/22Fariz22/passbook/server/proto/user.pb.go:84.29,88.3 3 0
github.com/22Fariz22/passbook/server/proto/user.pb.go:91.32,93.2 1 0
github.com/22Fariz22/passbook/server/proto/user.pb.go:95.30,95.31 0 0
github.com/22Fariz22/passbook/server/proto/user.pb.go:97.52,99.41 2 0
github.com/22Fariz22/passbook/server/proto/user.pb.go:99.41,101.34 2 0
github.com/22Fariz22/passbook/server/proto/user.pb.go:101.34,103.4 1 0
github.com/22Fariz22/passbook/server/proto/user.pb.go:104.3,104.12 1 0
github.com/22Fariz22/passbook/server/proto/user.pb.go:106.2,106.24 1 0
github.com/22Fariz22/passbook/server/proto/user.pb.go:110.43,112.2 1 0
github.com/22Fariz22/passbook/server/proto/user.pb.go:114.33,115.14 1 0
github.com/22Fariz22/passbook/server/proto/user.pb.go:115.14,117.3 1 0
github.com/22Fariz22/passbook/server/proto/user.pb.go:118.2,118.11 1 0
github.com/22Fariz22/passbook/server/proto/user.pb.go:121.34,122.14 1 0
github.com/22Fariz22/passbook/server/proto/user.pb.go:122.14,124.3 1 0
github.com/22Fariz22/passbook/server/proto/user.pb.go:125.2,125.11 1 0
github.com/22Fariz22/passbook/server/proto/user.pb.go:128.37,129.14 1 0
github.com/22Fariz22/passbook/server/proto/user.pb.go:129.14,131.3 1 0
github.com/22Fariz22/passbook/server/proto/user.pb.go:132.2,132.11 1 0
github.com/22Fariz22/passbook/server/proto/user.pb.go:144.35,146.29 2 0
github.com/22Fariz22/passbook/server/proto/user.pb.go:146.29,150.3 3 0
github.com/22Fariz22/passbook/server/proto/user.pb.go:153.43,155.2 1 0
github.com/22Fariz22/passbook/server/proto/user.pb.go:157.41,157.42 0 0
github.com/22Fariz22/passbook/server/proto/user.pb.go:159.63,161.41 2 0
github.com/22Fariz22/passbook/server/proto/user.pb.go:161.41,163.34 2 0
github.com/22Fariz22/passbook/server/proto/user.pb.go:163.34,165.4 1 0
github.com/22Fariz22/passbook/server/proto/user.pb.go:166.3,166.12 1 0
github.com/22Fariz22/passbook/server/proto/user.pb.go:168.2,168.24 1 0
github.com/22Fariz22/passbook/server/proto/user.pb.go:172.54,174.2 1 0
github.com/22Fariz22/passbook/server/proto/user.pb.go:176.45,177.14 1 0
github.com/22Fariz22/passbook/server/proto/user.pb.go:177.14,179.3 1 0
github.com/22Fariz22/passbook/server/proto/user.pb.go:180.2,180.11 1 0
github.com/22Fariz22/passbook/server/proto/user.pb.go:183.48,184.14 1 0
github.com/22Fariz22/passbook/server/proto/user.pb.go:184.14,186.3 1 0
github.com/22Fariz22/passbook/server/proto/user.pb.go:187.2,187.11 1 0
github.com/22Fariz22/passbook/server/proto/user.pb.go:198.36,200.29 2 0
github.com/22Fariz22/passbook/server/proto/user.pb.go:200.29,204.3 3 0
github.com/22Fariz22/passbook/server/proto/user.pb.go:207.44,209.2 1 0
github.com/22Fariz22/passbook/server/proto/user.pb.go:211.42,211.43 0 0
github.com/22Fariz22/passbook/server/proto/user.pb.go:213.64,215.41 2 0
github.com/22Fariz22/passbook/server/proto/user.pb.go:215.41,217.34 2 0
github.com/22Fariz22/passbook/server/proto/user.pb.go:217.34,219.4 1 0
github.com/22Fariz22/passbook/server/proto/user.pb.go:220.3,220.12 1 0
github.com/22Fariz22/passbook/server/proto/user.pb.go:222.2,222.24 1 0
github.com/22Fariz22/passbook/server/proto/user.pb.go:226.55,228.2 1 0
github.com/22Fariz22/passbook/server/proto/user.pb.go:230.44,231.14 1 0
github.com/22Fariz22/passbook/server/proto/user.pb.go:231.14,233.3 1 0
github.com/22Fariz22/passbook/server/proto/user.pb.go:234.2,234.12 1 0
github.com/22Fariz22/passbook/server/proto/user.pb.go:245.38,247.29 2 0
github.com/22Fariz22/passbook/server/proto/user.pb.go:247.29,251.3 3 0
github.com/22Fariz22/passbook/server/proto/user.pb.go:254.46,256.2 1 0
github.com/22Fariz22/passbook/server/proto/user.pb.go:258.44,258.45 0 0
github.com/22Fariz22/passbook/server/proto/user.pb.go:260.66,262.41 2 0
github.com/22Fariz22/passbook/server/proto/user.pb.go:262.41,264.34 2 0
github.com/22Fariz22/passbook/server/proto/user.pb.go:264.34,266.4 1 0
github.com/22Fariz22/passbook/server/proto/user.pb.go:267.3,267.12 1 0
github.com/22Fariz22/passbook/server/proto/user.pb.go:269.2,269.24 1 0
github.com/22Fariz22/passbook/server/proto/user.pb.go:273.57,275.2 1 0
github.com/22Fariz22/passbook/server/proto/user.pb.go:277.48,278.14 1 0
github.com/22Fariz22/passbook/server/proto/user.pb.go:278.14,280.3 1 0
github.com/22Fariz22/passbook/server/proto/user.pb.go:281.2,281.11 1 0
github.com/22Fariz22/passbook/server/proto/user.pb.go:292.39,294.29 2 0
github.com/22Fariz22/passbook/server/proto/user.pb.go:294.29,298.3 3 0
github.com/22Fariz22/passbook/server/proto/user.pb.go:301.47,303.2 1 0
github.com/22Fariz22/passbook/server/proto/user.pb.go:305.45,305.46 0 0
github.com/22Fariz22/passbook/server/proto/user.pb.go:307.67,309.41 2 0
github.com/22Fariz22/passbook/server/proto/user.pb.go:309.41,311.34 2 0
github.com/22Fariz22/passbook/server/proto/user.pb.go:311.34,313.4 1 0
github.com/22Fariz22/passbook/server/proto/user.pb.go:314.3,314.12 1 0
github.com/22Fariz22/passbook/server/proto/user.pb.go:316.2,316.24 1 0
github.com/22Fariz22/passbook/server/proto/user.pb.go:320.58,322.2 1 0
github.com/22Fariz22/passbook/server/proto/user.pb.go:324.47,325.14 1 0
github.com/22Fariz22/passbook/server/proto/user.pb.go:325.14,327.3 1 0
github.com/22Fariz22/passbook/server/proto/user.pb.go:328.2,328.12 1 0
github.com/22Fariz22/passbook/server/proto/user.pb.go:339.35,341.29 2 0
github.com/22Fariz22/passbook/server/proto/user.pb.go:341.29,345.3 3 0
github.com/22Fariz22/passbook/server/proto/user.pb.go:348.43,350.2 1 0
github.com/22Fariz22/passbook/server/proto/user.pb.go:352.41,352.42 0 0
github.com/22Fariz22/passbook/server/proto/user.pb.go:354.63,356.41 2 0
github.com/22Fariz22/passbook/server/proto/user.pb.go:356.41,358.34 2 0
github.com/22Fariz22/passbook/server/proto/user.pb.go:358.34,360.4 1 0
github.com/22Fariz22/passbook/server/proto/user.pb.go:361.3,361.12 1 0
github.com/22Fariz22/passbook/server/proto/user.pb.go:363.2,363.24 1 0
github.com/22Fariz22/passbook/server/proto/user.pb.go:367.54,369.2 1 0
github.com/22Fariz22/passbook/server/proto/user.pb.go:371.44,372.14 1 0
github.com/22Fariz22/passbook/server/proto/user.pb.go:372.14,374.3 1 0
github.com/22Fariz22/passbook/server/proto/user.pb.go:375.2,375.11 1 0
github.com/22Fariz22/passbook/server/proto/user.pb.go:386.36,388.29 2 0
github.com/22Fariz22/passbook/server/proto/user.pb.go:388.29,392.3 3 0
github.com/22Fariz22/passbook/server/proto/user.pb.go:395.44,397.2 1 0
github.com/22Fariz22/passbook/server/proto/user.pb.go:399.42,399.43 0 0
github.com/22Fariz22/passbook/server/proto/user.pb.go:401.64,403.41 2 0
github.com/22Fariz22/passbook/server/proto/user.pb.go:403.41,405.34 2 0
github.com/22Fariz22/passbook/server/proto/user.pb.go:405.34,407.4 1 0
github.com/22Fariz22/passbook/server/proto/user.pb.go:408.3,408.12 1 0
github.com/22Fariz22/passbook/server/proto/user.pb.go:410.2,410.24 1 0
github.com/22Fariz22/passbook/server/proto/user.pb.go:414.55,416.2 1 0
github.com/22Fariz22/passbook/server/proto/user.pb.go:418.44,419.14 1 0
github.com/22Fariz22/passbook/server/proto/user.pb.go:419.14,421.3 1 0
github.com/22Fariz22/passbook/server/proto/user.pb.go:422.2,422.12 1 0
github.com/22Fariz22/passbook/server/proto/user.pb.go:434.32,436.29 2 0
github.com/22Fariz22/passbook/server/proto/user.pb.go:436.29,440.3 3 0
github.com/22Fariz22/passbook/server/proto/user.pb.go:443.40,445.2 1 0
github.com/22Fariz22/passbook/server/proto/user.pb.go:447.38,447.39 0 0
github.com/22Fariz22/passbook/server/proto/user.pb.go:449.60,451.41 2 0
github.com/22Fariz22/passbook/server/proto/user.pb.go:451.41,453.34 2 0
github.com/22Fariz22/passbook/server/proto/user.pb.go:453.34,455.4 1 0
github.com/22Fariz22/passbook/server/proto/user.pb.go:456.3,456.12 1 0
github.com/22Fariz22/passbook/server/proto/user.pb.go:458.2,458.24 1 0
github.com/22Fariz22/passbook/server/proto/user.pb.go:462.51,464.2 1 0
github.com/22Fariz22/passbook/server/proto/user.pb.go:466.42,467.14 1 0
github.com/22Fariz22/passbook/server/proto/user.pb.go:467.14,469.3 1 0
github.com/22Fariz22/passbook/server/proto/user.pb.go:470.2,470.11 1 0
github.com/22Fariz22/passbook/server/proto/user.pb.go:473.45,474.14 1 0
github.com/22Fariz22/passbook/server/proto/user.pb.go:474.14,476.3 1 0
github.com/22Fariz22/passbook/server/proto/user.pb.go:477.2,477.11 1 0
github.com/22Fariz22/passbook/server/proto/user.pb.go:489.33,491.29 2 0
github.com/22Fariz22/passbook/server/proto/user.pb.go:491.29,495.3 3 0
github.com/22Fariz22/passbook/server/proto/user.pb.go:498.41,500.2 1 0
github.com/22Fariz22/passbook/server/proto/user.pb.go:502.39,502.40 0 0
github.com/22Fariz22/passbook/server/proto/user.pb.go:504.61,506.41 2 0
github.com/22Fariz22/passbook/server/proto/user.pb.go:506.41,508.34 2 0
github.com/22Fariz22/passbook/server/proto/user.pb.go:508.34,510.4 1 0
github.com/22Fariz22/passbook/server/proto/user.pb.go:511.3,511.12 1 0
github.com/22Fariz22/passbook/server/proto/user.pb.go:513.2,513.24 1 0
github.com/22Fariz22/passbook/server/proto/user.pb.go:517.52,519.2 1 0
github.com/22Fariz22/passbook/server/proto/user.pb.go:521.41,522.14 1 0
github.com/22Fariz22/passbook/server/proto/user.pb.go:522.14,524.3 1 0
github.com/22Fariz22/passbook/server/proto/user.pb.go:525.2,525.12 1 0
github.com/22Fariz22/passbook/server/proto/user.pb.go:528.47,529.14 1 0
github.com/22Fariz22/passbook/server/proto/user.pb.go:529.14,531.3 1 0
github.com/22Fariz22/passbook/server/proto/user.pb.go:532.2,532.11 1 0
github.com/22Fariz22/passbook/server/proto/user.pb.go:541.32,543.29 2 0
github.com/22Fariz22/passbook/server/proto/user.pb.go:543.29,547.3 3 0
github.com/22Fariz22/passbook/server/proto/user.pb.go:550.40,552.2 1 0
github.com/22Fariz22/passbook/server/proto/user.pb.go:554.38,554.39 0 0
github.com/22Fariz22/passbook/server/proto/user.pb.go:556.60,558.41 2 0
github.com/22Fariz22/passbook/server/proto/user.pb.go:558.41,560.34 2 0
github.com/22Fariz22/passbook/server/proto/user.pb.go:560.34,562.4 1 0
github.com/22Fariz22/passbook/server/proto/user.pb.go:563.3,563.12 1 0
github.com/22Fariz22/passbook/server/proto/user.pb.go:565.2,565.24 1 0
github.com/22Fariz22/passbook/server/proto/user.pb.go:569.51,571.2 1 0
github.com/22Fariz22/passbook/server/proto/user.pb.go:581.33,583.29 2 0
github.com/22Fariz22/passbook/server/proto/user.pb.go:583.29,587.3 3 0
github.com/22Fariz22/passbook/server/proto/user.pb.go:590.41,592.2 1 0
github.com/22Fariz22/passbook/server/proto/user.pb.go:594.39,594.40 0 0
github.com/22Fariz22/passbook/server/proto/user.pb.go:596.61,598.41 2 0
github.com/22Fariz22/passbook/server/proto/user.pb.go:598.41,600.34 2 0
github.com/22Fariz22/passbook/server/proto/user.pb.go:600.34,602.4 1 0
github.com/22Fariz22/passbook/server/proto/user.pb.go:603.3,603.12 1 0
github.com/22Fariz22/passbook/server/proto/user.pb.go:605.2,605.24 1 0
github.com/22Fariz22/passbook/server/proto/user.pb.go:609.52,611.2 1 0
github.com/22Fariz22/passbook/server/proto/user.pb.go:613.41,614.14 1 0
github.com/22Fariz22/passbook/server/proto/user.pb.go:614.14,616.3 1 0
github.com/22Fariz22/passbook/server/proto/user.pb.go:617.2,617.12 1 0
github.com/22Fariz22/passbook/server/proto/user.pb.go:626.33,628.29 2 0
github.com/22Fariz22/passbook/server/proto/user.pb.go:628.29,632.3 3 0
github.com/22Fariz22/passbook/server/proto/user.pb.go:635.41,637.2 1 0
github.com/22Fariz22/passbook/server/proto/user.pb.go:639.39,639.40 0 0
github.com/22Fariz22/passbook/server/proto/user.pb.go:641.61,643.41 2 0
github.com/22Fariz22/passbook/server/proto/user.pb.go:643.41,645.34 2 0
github.com/22Fariz22/passbook/server/proto/user.pb.go:645.34,647.4 1 0
github.com/22Fariz22/passbook/server/proto/user.pb.go:648.3,648.12 1 0
github.com/22Fariz22/passbook/server/proto/user.pb.go:650.2,650.24 1 0
github.com/22Fariz22/passbook/server/proto/user.pb.go:654.52,656.2 1 0
github.com/22Fariz22/passbook/server/proto/user.pb.go:664.34,666.29 2 0
github.com/22Fariz22/passbook/server/proto/user.pb.go:666.29,670.3 3 0
github.com/22Fariz22/passbook/server/proto/user.pb.go:673.42,675.2 1 0
github.com/22Fariz22/passbook/server/proto/user.pb.go:677.40,677.41 0 0
github.com/22Fariz22/passbook/server/proto/user.pb.go:679.62,681.41 2 0
github.com/22Fariz22/passbook/server/proto/user.pb.go:681.41,683.34 2 0
github.com/22Fariz22/passbook/server/proto/user.pb.go:683.34,685.4 1 0
github.com/22Fariz22/passbook/server/proto/user.pb.go:686.3,686.12 1 0
github.com/22Fariz22/passbook/server/proto/user.pb.go:688.2,688.24 1 0
github.com/22Fariz22/passbook/server/proto/user.pb.go:692.53,694.2 1 0
github.com/22Fariz22/passbook/server/proto/user.pb.go:706.37,708.29 2 0
github.com/22Fariz22/passbook/server/proto/user.pb.go:708.29,712.3 3 0
github.com/22Fariz22/passbook/server/proto/user.pb.go:715.45,717.2 1 0
github.com/22Fariz22/passbook/server/proto/user.pb.go:719.43,719.44 0 0
github.com/22Fariz22/passbook/server/proto/user.pb.go:721.65,723.41 2 0
github.com/22Fariz22/passbook/server/proto/user.pb.go:723.41,725.34 2 0
github.com/22Fariz22/passbook/server/proto/user.pb.go:725.34,727.4 1 0
github.com/22Fariz22/passbook/server/proto/user.pb.go:728.3,728.12 1 0
github.com/22Fariz22/passbook/server/proto/user.pb.go:730.2,730.24 1 0
github.com/22Fariz22/passbook/server/proto/user.pb.go:734.56,736.2 1 0
github.com/22Fariz22/passbook/server/proto/user.pb.go:738.47,739.14 1 0
github.com/22Fariz22/passbook/server/proto/user.pb.go:739.14,741.3 1 0
github.com/22Fariz22/passbook/server/proto/user.pb.go:742.2,742.11 1 0
github.com/22Fariz22/passbook/server/proto/user.pb.go:745.47,746.14 1 0
github.com/22Fariz22/passbook/server/proto/user.pb.go:746.14,748.3 1 0
github.com/22Fariz22/passbook/server/proto/user.pb.go:749.2,749.11 1 0
github.com/22Fariz22/passbook/server/proto/user.pb.go:752.50,753.14 1 0
github.com/22Fariz22/passbook/server/proto/user.pb.go:753.14,755.3 1 0
github.com/22Fariz22/passbook/server/proto/user.pb.go:756.2,756.11 1 0
github.com/22Fariz22/passbook/server/proto/user.pb.go:765.38,767.29 2 0
github.com/22Fariz22/passbook/server/proto/user.pb.go:767.29,771.3 3 0
github.com/22Fariz22/passbook/server/proto/user.pb.go:774.46,776.2 1 0
github.com/22Fariz22/passbook/server/proto/user.pb.go:778.44,778.45 0 0
github.com/22Fariz22/passbook/server/proto/user.pb.go:780.66,782.41 2 0
github.com/22Fariz22/passbook/server/proto/user.pb.go:782.41,784.34 2 0
github.com/22Fariz22/passbook/server/proto/user.pb.go:784.34,786.4 1 0
github.com/22Fariz22/passbook/server/proto/user.pb.go:787.3,787.12 1 0
github.com/22Fariz22/passbook/server/proto/user.pb.go:789.2,789.24 1 0
github.com/22Fariz22/passbook/server/proto/user.pb.go:793.57,795.2 1 0
github.com/22Fariz22/passbook/server/proto/user.pb.go:806.34,808.29 2 0
github.com/22Fariz22/passbook/server/proto/user.pb.go:808.29,812.3 3 0
github.com/22Fariz22/passbook/server/proto/user.pb.go:815.42,817.2 1 0
github.com/22Fariz22/passbook/server/proto/user.pb.go:819.40,819.41 0 0
github.com/22Fariz22/passbook/server/proto/user.pb.go:821.62,823.41 2 0
github.com/22Fariz22/passbook/server/proto/user.pb.go:823.41,825.34 2 0
github.com/22Fariz22/passbook/server/proto/user.pb.go:825.34,827.4 1 0
github.com/22Fariz22/passbook/server/proto/user.pb.go:828.3,828.12 1 0
github.com/22Fariz22/passbook/server/proto/user.pb.go:830.2,830.24 1 0
github.com/22Fariz22/passbook/server/proto/user.pb.go:834.53,836.2 1 0
github.com/22Fariz22/passbook/server/proto/user.pb.go:838.44,839.14 1 0
github.com/22Fariz22/passbook/server/proto/user.pb.go:839.14,841.3 1 0
github.com/22Fariz22/passbook/server/proto/user.pb.go:842.2,842.11 1 0
github.com/22Fariz22/passbook/server/proto/user.pb.go:845.43,846.14 1 0
github.com/22Fariz22/passbook/server/proto/user.pb.go:846.14,848.3 1 0
github.com/22Fariz22/passbook/server/proto/user.pb.go:849.2,849.11 1 0
github.com/22Fariz22/passbook/server/proto/user.pb.go:858.35,860.29 2 0
github.com/22Fariz22/passbook/server/proto/user.pb.go:860.29,864.3 3 0
github.com/22Fariz22/passbook/server/proto/user.pb.go:867.43,869.2 1 0
github.com/22Fariz22/passbook/server/proto/user.pb.go:871.41,871.42 0 0
github.com/22Fariz22/passbook/server/proto/user.pb.go:873.63,875.41 2 0
github.com/22Fariz22/passbook/server/proto/user.pb.go:875.41,877.34 2 0
github.com/22Fariz22/passbook/server/proto/user.pb.go:877.34,879.4 1 0
github.com/22Fariz22/passbook/server/proto/user.pb.go:880.3,880.12 1 0
github.com/22Fariz22/passbook/server/proto/user.pb.go:882.2,882.24 1 0
[...]
github.com/22Fariz22/passbook/server/proto/user.pb.go:1670.11,1671.20 1 0
github.com/22Fariz22/passbook/server/proto/user.pb.go:1672.11,1673.24 1 0
github.com/22Fariz22/passbook/server/proto/user.pb.go:1674.11,1675.28 1 0
github.com/22Fariz22/passbook/server/proto/user.pb.go:1676.12,1677.15 1 0
github.com/22Fariz22/passbook/server/proto/user.pb.go:1680.3,1680.87 1 0
github.com/22Fariz22/passbook/server/proto/user.pb.go:1680.87,1681.41 1 0
github.com/22Fariz22/passbook/server/proto/user.pb.go:1682.11,1683.20 1 0
github.com/22Fariz22/passbook/server/proto/user.pb.go:1684.11,1685.24 1 0
github.com/22Fariz22/passbook/server/proto/user.pb.go:1686.11,1687.28 1 0
github.com/22Fariz22/passbook/server/proto/user.pb.go:1688.12,1689.15 1 0
github.com/22Fariz22/passbook/server/proto/user.pb.go:1692.3,1692.87 1 0
github.com/22Fariz22/passbook/server/proto/user.pb.go:1692.87,1693.37 1 0
github.com/22Fariz22/passbook/server/proto/user.pb.go:1694.11,1695.20 1 0
github.com/22Fariz22/passbook/server/proto/user.pb.go:1696.11,1697.24 1 0
github.com/22Fariz22/passbook/server/proto/user.pb.go:1698.11,1699.28 1 0
github.com/22Fariz22/passbook/server/proto/user.pb.go:1700.12,1701.15 1 0
github.com/22Fariz22/passbook/server/proto/user.pb.go:1704.3,1704.87 1 0
github.com/22Fariz22/passbook/server/proto/user.pb.go:1704.87,1705.38 1 0
github.com/22Fariz22/passbook/server/proto/user.pb.go:1706.11,1707.20 1 0
github.com/22Fariz22/passbook/server/proto/user.pb.go:1708.11,1709.24 1 0
github.com/22Fariz22/passbook/server/proto/user.pb.go:1710.11,1711.28 1 0
github.com/22Fariz22/passbook/server/proto/user.pb.go:1712.12,1713.15 1 0
github.com/22Fariz22/passbook/server/proto/user.pb.go:1716.3,1716.88 1 0
github.com/22Fariz22/passbook/server/proto/user.pb.go:1716.88,1717.37 1 0
github.com/22Fariz22/passbook/server/proto/user.pb.go:1718.11,1719.20 1 0
github.com/22Fariz22/passbook/server/proto/user.pb.go:1720.11,1721.24 1 0
github.com/22Fariz22/passbook/server/proto/user.pb.go:1722.11,1723.28 1 0
github.com/22Fariz22/passbook/server/proto/user.pb.go:1724.12,1725.15 1 0
github.com/22Fariz22/passbook/server/proto/user.pb.go:1728.3,1728.88 1 0
github.com/22Fariz22/passbook/server/proto/user.pb.go:1728.88,1729.38 1 0
github.com/22Fariz22/passbook/server/proto/user.pb.go:1730.11,1731.20 1 0
github.com/22Fariz22/passbook/server/proto/user.pb.go:1732.11,1733.24 1 0
github.com/22Fariz22/passbook/server/proto/user.pb.go:1734.11,1735.28 1 0
github.com/22Fariz22/passbook/server/proto/user.pb.go:1736.12,1737.15 1 0
github.com/22Fariz22/passbook/server/proto/user.pb.go:1740.3,1740.88 1 0
github.com/22Fariz22/passbook/server/proto/user.pb.go:1740.88,1741.38 1 0
github.com/22Fariz22/passbook/server/proto/user.pb.go:1742.11,1743.20 1 0
github.com/22Fariz22/passbook/server/proto/user.pb.go:1744.11,1745.24 1 0
github.com/22Fariz22/passbook/server/proto/user.pb.go:1746.11,1747.28 1 0
github.com/22Fariz22/passbook/server/proto/user.pb.go:1748.12,1749.15 1 0
github.com/22Fariz22/passbook/server/proto/user.pb.go:1752.3,1752.88 1 0
github.com/22Fariz22/passbook/server/proto/user.pb.go:1752.88,1753.39 1 0
github.com/22Fariz22/passbook/server/proto/user.pb.go:1754.11,1755.20 1 0
github.com/22Fariz22/passbook/server/proto/user.pb.go:1756.11,1757.24 1 0
github.com/22Fariz22/passbook/server/proto/user.pb.go:1758.11,1759.28 1 0
github.com/22Fariz22/passbook/server/proto/user.pb.go:1760.12,1761.15 1 0
github.com/22Fariz22/passbook/server/proto/user.pb.go:1764.3,1764.88 1 0
github.com/22Fariz22/passbook/server/proto/user.pb.go:1764.88,1765.42 1 0
github.com/22Fariz22/passbook/server/proto/user.pb.go:1766.11,1767.20 1 0
github.com/22Fariz22/passbook/server/proto/user.pb.go:1768.11,1769.24 1 0
github.com/22Fariz22/passbook/server/proto/user.pb.go:1770.11,1771.28 1 0
github.com/22Fariz22/passbook/server/proto/user.pb.go:1772.12,1773.15 1 0
github.com/22Fariz22/passbook/server/proto/user.pb.go:1776.3,1776.88 1 0
github.com/22Fariz22/passbook/server/proto/user.pb.go:1776.88,1777.43 1 0
github.com/22Fariz22/passbook/server/proto/user.pb.go:1778.11,1779.20 1 0
github.com/22Fariz22/passbook/server/proto/user.pb.go:1780.11,1781.24 1 0
github.com/22Fariz22/passbook/server/proto/user.pb.go:1782.11,1783.28 1 0
github.com/22Fariz22/passbook/server/proto/user.pb.go:1784.12,1785.15 1 0
github.com/22Fariz22/passbook/server/proto/user.pb.go:1788.3,1788.88 1 0
github.com/22Fariz22/passbook/server/proto/user.pb.go:1788.88,1789.39 1 0
github.com/22Fariz22/passbook/server/proto/user.pb.go:1790.11,1791.20 1 0
github.com/22Fariz22/passbook/server/proto/user.pb.go:1792.11,1793.24 1 0
github.com/22Fariz22/passbook/server/proto/user.pb.go:1794.11,1795.28 1 0
github.com/22Fariz22/passbook/server/proto/user.pb.go:1796.12,1797.15 1 0
github.com/22Fariz22/passbook/server/proto/user.pb.go:1800.3,1800.88 1 0
github.com/22Fariz22/passbook/server/proto/user.pb.go:1800.88,1801.40 1 0
github.com/22Fariz22/passbook/server/proto/user.pb.go:1802.11,1803.20 1 0
github.com/22Fariz22/passbook/server/proto/user.pb.go:1804.11,1805.24 1 0
github.com/22Fariz22/passbook/server/proto/user.pb.go:1806.11,1807.28 1 0
github.com/22Fariz22/passbook/server/proto/user.pb.go:1808.12,1809.15 1 0
github.com/22Fariz22/passbook/server/proto/user.pb.go:1812.3,1812.88 1 0
github.com/22Fariz22/passbook/server/proto/user.pb.go:1812.88,1813.41 1 0
github.com/22Fariz22/passbook/server/proto/user.pb.go:1814.11,1815.20 1 0
github.com/22Fariz22/passbook/server/proto/user.pb.go:1816.11,1817.24 1 0
github.com/22Fariz22/passbook/server/proto/user.pb.go:1818.11,1819.28 1 0
github.com/22Fariz22/passbook/server/proto/user.pb.go:1820.12,1821.15 1 0
github.com/22Fariz22/passbook/server/proto/user.pb.go:1824.3,1824.88 1 0
github.com/22Fariz22/passbook/server/proto/user.pb.go:1824.88,1825.42 1 0
github.com/22Fariz22/passbook/server/proto/user.pb.go:1826.11,1827.20 1 0
github.com/22Fariz22/passbook/server/proto/user.pb.go:1828.11,1829.24 1 0
github.com/22Fariz22/passbook/server/proto/user.pb.go:1830.11,1831.28 1 0
github.com/22Fariz22/passbook/server/proto/user.pb.go:1832.12,1833.15 1 0
github.com/22Fariz22/passbook/server/proto/user.pb.go:1836.3,1836.88 1 0
github.com/22Fariz22/passbook/server/proto/user.pb.go:1836.88,1837.39 1 0
github.com/22Fariz22/passbook/server/proto/user.pb.go:1838.11,1839.20 1 0
github.com/22Fariz22/passbook/server/proto/user.pb.go:1840.11,1841.24 1 0
github.com/22Fariz22/passbook/server/proto/user.pb.go:1842.11,1843.28 1 0
github.com/22Fariz22/passbook/server/proto/user.pb.go:1844.12,1845.15 1 0
github.com/22Fariz22/passbook/server/proto/user.pb.go:1848.3,1848.88 1 0
github.com/22Fariz22/passbook/server/proto/user.pb.go:1848.88,1849.40 1 0
github.com/22Fariz22/passbook/server/proto/user.pb.go:1850.11,1851.20 1 0
github.com/22Fariz22/passbook/server/proto/user.pb.go:1852.11,1853.24 1 0
github.com/22Fariz22/passbook/server/proto/user.pb.go:1854.11,1855.28 1 0
github.com/22Fariz22/passbook/server/proto/user.pb.go:1856.12,1857.15 1 0
github.com/22Fariz22/passbook/server/proto/user.pb.go:1860.3,1860.88 1 0
github.com/22Fariz22/passbook/server/proto/user.pb.go:1860.88,1861.42 1 0
github.com/22Fariz22/passbook/server/proto/user.pb.go:1862.11,1863.20 1 0
github.com/22Fariz22/passbook/server/proto/user.pb.go:1864.11,1865.24 1 0
github.com/22Fariz22/passbook/server/proto/user.pb.go:1866.11,1867.28 1 0
github.com/22Fariz22/passbook/server/proto/user.pb.go:1868.12,1869.15 1 0
github.com/22Fariz22/passbook/server/proto/user.pb.go:1872.3,1872.88 1 0
github.com/22Fariz22/passbook/server/proto/user.pb.go:1872.88,1873.43 1 0
github.com/22Fariz22/passbook/server/proto/user.pb.go:1874.11,1875.20 1 0
github.com/22Fariz22/passbook/server/proto/user.pb.go:1876.11,1877.24 1 0
github.com/22Fariz22/passbook/server/proto/user.pb.go:1878.11,1879.28 1 0
github.com/22Fariz22/passbook/server/proto/user.pb.go:1880.12,1881.15 1 0
github.com/22Fariz22/passbook/server/proto/user.pb.go:1884.3,1884.88 1 0
github.com/22Fariz22/passbook/server/proto/user.pb.go:1884.88,1885.43 1 0
github.com/22Fariz22/passbook/server/proto/user.pb.go:1886.11,1887.20 1 0
github.com/22Fariz22/passbook/server/proto/user.pb.go:1888.11,1889.24 1 0
github.com/22Fariz22/passbook/server/proto/user.pb.go:1890.11,1891.28 1 0
github.com/22Fariz22/passbook/server/proto/user.pb.go:1892.12,1893.15 1 0
github.com/22Fariz22/passbook/server/proto/user.pb.go:1896.3,1896.88 1 0
github.com/22Fariz22/passbook/server/proto/user.pb.go:1896.88,1897.44 1 0
github.com/22Fariz22/passbook/server/proto/user.pb.go:1898.11,1899.20 1 0
github.com/22Fariz22/passbook/server/proto/user.pb.go:1900.11,1901.24 1 0
github.com/22Fariz22/passbook/server/proto/user.pb.go:1902.11,1903.28 1 0
github.com/22Fariz22/passbook/server/proto/user.pb.go:1904.12,1905.15 1 0
github.com/22Fariz22/passbook/server/proto/user.pb.go:1908.3,1908.88 1 0
github.com/22Fariz22/passbook/server/proto/user.pb.go:1908.88,1909.44 1 0
github.com/22Fariz22/passbook/server/proto/user.pb.go:1910.11,1911.20 1 0
github.com/22Fariz22/passbook/server/proto/user.pb.go:1912.11,1913.24 1 0
github.com/22Fariz22/passbook/server/proto/user.pb.go:1914.11,1915.28 1 0
github.com/22Fariz22/passbook/server/proto/user.pb.go:1916.12,1917.15 1 0
github.com/22Fariz22/passbook/server/proto/user.pb.go:1920.3,1920.88 1 0
github.com/22Fariz22/passbook/server/proto/user.pb.go:1920.88,1921.45 1 0
github.com/22Fariz22/passbook/server/proto/user.pb.go:1922.11,1923.20 1 0
github.com/22Fariz22/passbook/server/proto/user.pb.go:1924.11,1925.24 1 0
github.com/22Fariz22/passbook/server/proto/user.pb.go:1926.11,1927.28 1 0
github.com/22Fariz22/passbook/server/proto/user.pb.go:1928.12,1929.15 1 0
github.com/22Fariz22/passbook/server/proto/user.pb.go:1933.2,1950.37 6 1
github.com/22Fariz22/passbook/server/proto/user_grpc.pb.go:60.74,62.2 1 0
github.com/22Fariz22/passbook/server/proto/user_grpc.pb.go:64.132,67.16 3 0
github.com/22Fariz22/passbook/server/proto/user_grpc.pb.go:67.16,69.3 1 0
github.com/22Fariz22/passbook/server/proto/user_grpc.pb.go:70.2,70.17 1 0
github.com/22Fariz22/passbook/server/proto/user_grpc.pb.go:73.141,76.16 3 0
github.com/22Fariz22/passbook/server/proto/user_grpc.pb.go:76.16,78.3 1 0
github.com/22Fariz22/passbook/server/proto/user_grpc.pb.go:79.2,79.17 1 0
github.com/22Fariz22/passbook/server/proto/user_grpc.pb.go:82.132,85.16 3 0
github.com/22Fariz22/passbook/server/proto/user_grpc.pb.go:85.16,87.3 1 0
github.com/22Fariz22/passbook/server/proto/user_grpc.pb.go:88.2,88.17 1 0
github.com/22Fariz22/passbook/server/proto/user_grpc.pb.go:91.123,94.16 3 0
github.com/22Fariz22/passbook/server/proto/user_grpc.pb.go:94.16,96.3 1 0
github.com/22Fariz22/passbook/server/proto/user_grpc.pb.go:97.2,97.17 1 0
github.com/22Fariz22/passbook/server/proto/user_grpc.pb.go:100.123,103.16 3 0
github.com/22Fariz22/passbook/server/proto/user_grpc.pb.go:103.16,105.3 1 0
github.com/22Fariz22/passbook/server/proto/user_grpc.pb.go:106.2,106.17 1 0
github.com/22Fariz22/passbook/server/proto/user_grpc.pb.go:109.126,112.16 3 0
github.com/22Fariz22/passbook/server/proto/user_grpc.pb.go:112.16,114.3 1 0
github.com/22Fariz22/passbook/server/proto/user_grpc.pb.go:115.2,115.17 1 0
github.com/22Fariz22/passbook/server/proto/user_grpc.pb.go:118.138,121.16 3 0
github.com/22Fariz22/passbook/server/proto/user_grpc.pb.go:121.16,123.3 1 0
github.com/22Fariz22/passbook/server/proto/user_grpc.pb.go:124.2,124.17 1 0
github.com/22Fariz22/passbook/server/proto/user_grpc.pb.go:127.129,130.16 3 0
github.com/22Fariz22/passbook/server/proto/user_grpc.pb.go:130.16,132.3 1 0
github.com/22Fariz22/passbook/server/proto/user_grpc.pb.go:133.2,133.17 1 0
github.com/22Fariz22/passbook/server/proto/user_grpc.pb.go:136.135,139.16 3 0
github.com/22Fariz22/passbook/server/proto/user_grpc.pb.go:139.16,141.3 1 0
github.com/22Fariz22/passbook/server/proto/user_grpc.pb.go:142.2,142.17 1 0
github.com/22Fariz22/passbook/server/proto/user_grpc.pb.go:145.129,148.16 3 0
github.com/22Fariz22/passbook/server/proto/user_grpc.pb.go:148.16,150.3 1 0
github.com/22Fariz22/passbook/server/proto/user_grpc.pb.go:151.2,151.17 1 0
github.com/22Fariz22/passbook/server/proto/user_grpc.pb.go:154.138,157.16 3 0
github.com/22Fariz22/passbook/server/proto/user_grpc.pb.go:157.16,159.3 1 0
github.com/22Fariz22/passbook/server/proto/user_grpc.pb.go:160.2,160.17 1 0
github.com/22Fariz22/passbook/server/proto/user_grpc.pb.go:163.141,166.16 3 0
github.com/22Fariz22/passbook/server/proto/user_grpc.pb.go:166.16,168.3 1 0
github.com/22Fariz22/passbook/server/proto/user_grpc.pb.go:169.2,169.17 1 0
github.com/22Fariz22/passbook/server/proto/user_grpc.pb.go:195.110,197.2 1 0
github.com/22Fariz22/passbook/server/proto/user_grpc.pb.go:198.119,200.2 1 0
github.com/22Fariz22/passbook/server/proto/user_grpc.pb.go:201.110,203.2 1 0
github.com/22Fariz22/passbook/server/proto/user_grpc.pb.go:204.101,206.2 1 0
github.com/22Fariz22/passbook/server/proto/user_grpc.pb.go:207.101,209.2 1 0
github.com/22Fariz22/passbook/server/proto/user_grpc.pb.go:210.104,212.2 1 0
github.com/22Fariz22/passbook/server/proto/user_grpc.pb.go:213.116,215.2 1 0
github.com/22Fariz22/passbook/server/proto/user_grpc.pb.go:216.107,218.2 1 0
github.com/22Fariz22/passbook/server/proto/user_grpc.pb.go:219.113,221.2 1 0
github.com/22Fariz22/passbook/server/proto/user_grpc.pb.go:222.107,224.2 1 0
github.com/22Fariz22/passbook/server/proto/user_grpc.pb.go:225.116,227.2 1 0
github.com/22Fariz22/passbook/server/proto/user_grpc.pb.go:228.119,230.2 1 0
github.com/22Fariz22/passbook/server/proto/user_grpc.pb.go:231.82,231.83 0 0
github.com/22Fariz22/passbook/server/proto/user_grpc.pb.go:240.80,242.2 1 0
github.com/22Fariz22/passbook/server/proto/user_grpc.pb.go:244.165,246.32 2 0
github.com/22Fariz22/passbook/server/proto/user_grpc.pb.go:246.32,248.3 1 0
github.com/22Fariz22/passbook/server/proto/user_grpc.pb.go:249.2,249.24 1 0
github.com/22Fariz22/passbook/server/proto/user_grpc.pb.go:249.24,251.3 1 0
github.com/22Fariz22/passbook/server/proto/user_grpc.pb.go:252.2,256.77 2 0
github.com/22Fariz22/passbook/server/proto/user_grpc.pb.go:256.77,258.3 1 0
github.com/22Fariz22/passbook/server/proto/user_grpc.pb.go:259.2,259.44 1 0
github.com/22Fariz22/passbook/server/proto/user_grpc.pb.go:262.168,264.32 2 0
github.com/22Fariz22/passbook/server/proto/user_grpc.pb.go:264.32,266.3 1 0
github.com/22Fariz22/passbook/server/proto/user_grpc.pb.go:267.2,267.24 1 0
github.com/22Fariz22/passbook/server/proto/user_grpc.pb.go:267.24,269.3 1 0
github.com/22Fariz22/passbook/server/proto/user_grpc.pb.go:270.2,274.77 2 0
github.com/22Fariz22/passbook/server/proto/user_grpc.pb.go:274.77,276.3 1 0
github.com/22Fariz22/passbook/server/proto/user_grpc.pb.go:277.2,277.44 1 0
github.com/22Fariz22/passbook/server/proto/user_grpc.pb.go:280.165,282.32 2 0
github.com/22Fariz22/passbook/server/proto/user_grpc.pb.go:282.32,284.3 1 0
github.com/22Fariz22/passbook/server/proto/user_grpc.pb.go:285.2,285.24 1 0
github.com/22Fariz22/passbook/server/proto/user_grpc.pb.go:285.24,287.3 1 0
github.com/22Fariz22/passbook/server/proto/user_grpc.pb.go:288.2,292.77 2 0
github.com/22Fariz22/passbook/server/proto/user_grpc.pb.go:292.77,294.3 1 0
github.com/22Fariz22/passbook/server/proto/user_grpc.pb.go:295.2,295.44 1 0
github.com/22Fariz22/passbook/server/proto/user_grpc.pb.go:298.162,300.32 2 0
github.com/22Fariz22/passbook/server/proto/user_grpc.pb.go:300.32,302.3 1 0
github.com/22Fariz22/passbook/server/proto/user_grpc.pb.go:303.2,303.24 1 0
github.com/22Fariz22/passbook/server/proto/user_grpc.pb.go:303.24,305.3 1 0
github.com/22Fariz22/passbook/server/proto/user_grpc.pb.go:306.2,310.77 2 0
github.com/22Fariz22/passbook/server/proto/user_grpc.pb.go:310.77,312.3 1 0
github.com/22Fariz22/passbook/server/proto/user_grpc.pb.go:313.2,313.44 1 0
github.com/22Fariz22/passbook/server/proto/user_grpc.pb.go:316.162,318.32 2 0
github.com/22Fariz22/passbook/server/proto/user_grpc.pb.go:318.32,320.3 1 0
github.com/22Fariz22/passbook/server/proto/user_grpc.pb.go:321.2,321.24 1 0
github.com/22Fariz22/passbook/server/proto/user_grpc.pb.go:321.24,323.3 1 0
github.com/22Fariz22/passbook/server/proto/user_grpc.pb.go:324.2,328.77 2 0
github.com/22Fariz22/passbook/server/proto/user_grpc.pb.go:328.77,330.3 1 0
github.com/22Fariz22/passbook/server/proto/user_grpc.pb.go:331.2,331.44 1 0
github.com/22Fariz22/passbook/server/proto/user_grpc.pb.go:334.163,336.32 2 0
github.com/22Fariz22/passbook/server/proto/user_grpc.pb.go:336.32,338.3 1 0
github.com/22Fariz22/passbook/server/proto/user_grpc.pb.go:339.2,339.24 1 0
github.com/22Fariz22/passbook/server/proto/user_grpc.pb.go:339.24,341.3 1 0
github.com/22Fariz22/passbook/server/proto/user_grpc.pb.go:342.2,346.77 2 0
github.com/22Fariz22/passbook/server/proto/user_grpc.pb.go:346.77,348.3 1 0
github.com/22Fariz22/passbook/server/proto/user_grpc.pb.go:349.2,349.44 1 0
github.com/22Fariz22/passbook/server/proto/user_grpc.pb.go:352.167,354.32 2 0
github.com/22Fariz22/passbook/server/proto/user_grpc.pb.go:354.32,356.3 1 0
github.com/22Fariz22/passbook/server/proto/user_grpc.pb.go:357.2,357.24 1 0
github.com/22Fariz22/passbook/server/proto/user_grpc.pb.go:357.24,359.3 1 0
github.com/22Fariz22/passbook/server/proto/user_grpc.pb.go:360.2,364.77 2 0
github.com/22Fariz22/passbook/server/proto/user_grpc.pb.go:364.77,366.3 1 0
github.com/22Fariz22/passbook/server/proto/user_grpc.pb.go:367.2,367.44 1 0
github.com/22Fariz22/passbook/server/proto/user_grpc.pb.go:370.164,372.32 2 0
github.com/22Fariz22/passbook/server/proto/user_grpc.pb.go:372.32,374.3 1 0
github.com/22Fariz22/passbook/server/proto/user_grpc.pb.go:375.2,375.24 1 0
github.com/22Fariz22/passbook/server/proto/user_grpc.pb.go:375.24,377.3 1 0
github.com/22Fariz22/passbook/server/proto/user_grpc.pb.go:378.2,382.77 2 0
github.com/22Fariz22/passbook/server/proto/user_grpc.pb.go:382.77,384.3 1 0
github.com/22Fariz22/passbook/server/proto/user_grpc.pb.go:385.2,385.44 1 0
github.com/22Fariz22/passbook/server/proto/user_grpc.pb.go:388.166,390.32 2 0
github.com/22Fariz22/passbook/server/proto/user_grpc.pb.go:390.32,392.3 1 0
github.com/22Fariz22/passbook/server/proto/user_grpc.pb.go:393.2,393.24 1 0
github.com/22Fariz22/passbook/server/proto/user_grpc.pb.go:393.24,395.3 1 0
github.com/22Fariz22/passbook/server/proto/user_grpc.pb.go:396.2,400.77 2 0
github.com/22Fariz22/passbook/server/proto/user_grpc.pb.go:400.77,402.3 1 0
github.com/22Fariz22/passbook/server/proto/user_grpc.pb.go:403.2,403.44 1 0
github.com/22Fariz22/passbook/server/proto/user_grpc.pb.go:406.164,408.32 2 0
github.com/22Fariz22/passbook/server/proto/user_grpc.pb.go:408.32,410.3 1 0
github.com/22Fariz22/passbook/server/proto/user_grpc.pb.go:411.2,411.24 1 0
github.com/22Fariz22/passbook/server/proto/user_grpc.pb.go:411.24,413.3 1 0
github.com/22Fariz22/passbook/server/proto/user_grpc.pb.go:414.2,418.77 2 0
github.com/22Fariz22/passbook/server/proto/user_grpc.pb.go:418.77,420.3 1 0
github.com/22Fariz22/passbook/server/proto/user_grpc.pb.go:421.2,421.44 1 0
github.com/22Fariz22/passbook/server/proto/user_grpc.pb.go:424.167,426.32 2 0
github.com/22Fariz22/passbook/server/proto/user_grpc.pb.go:426.32,428.3 1 0
github.com/22Fariz22/passbook/server/proto/user_grpc.pb.go:429.2,429.24 1 0
github.com/22Fariz22/passbook/server/proto/user_grpc.pb.go:429.24,431.3 1 0
github.com/22Fariz22/passbook/server/proto/user_grpc.pb.go:432.2,436.77 2 0
github.com/22Fariz22/passbook/server/proto/user_grpc.pb.go:436.77,438.3 1 0
github.com/22Fariz22/passbook/server/proto/user_grpc.pb.go:439.2,439.44 1 0
github.com/22Fariz22/passbook/server/proto/user_grpc.pb.go:442.168,444.32 2 0
github.com/22Fariz22/passbook/server/proto/user_grpc.pb.go:444.32,446.3 1 0
github.com/22Fariz22/passbook/server/proto/user_grpc.pb.go:447.2,447.24 1 0
github.com/22Fariz22/passbook/server/proto/user_grpc.pb.go:447.24,449.3 1 0
github.com/22Fariz22/passbook/server/proto/user_grpc.pb.go:450.2,454.77 2 0
github.com/22Fariz22/passbook/server/proto/user_grpc.pb.go:454.77,456.3 1 0
github.com/22Fariz22/passbook/server/proto/user_grpc.pb.go:457.2,457.44 1 0
